{
  "runtime": 1.832975149154663,
  "ndcg": 0.23100667873712608,
  "diversity_score": 15148.12361053271,
  "pseudo_iou": 0.02492603550295858,
  "calibration_scores": {
    "ece": 0.02762141165092768,
    "bucket_frequencies": [
      63069049.0,
      128778.0,
      83024.0,
      67275.0,
      60545.0,
      59456.0,
      63610.0,
      76549.0,
      112749.0,
      1491627.0
    ],
    "bucket_accuracies": [
      6.356525210963622e-05,
      0.001467641988538415,
      0.0018910194642513009,
      0.002199925678186548,
      0.0018498637377157487,
      0.001883745963401507,
      0.00224807420216947,
      0.002050973886007655,
      0.002563215638276171,
      0.004531293681329179
    ],
    "bucket_average_probabilities": [
      0.00027912823134101927,
      0.1450292319059372,
      0.2475830614566803,
      0.3488522171974182,
      0.4494934678077698,
      0.5500569939613342,
      0.651118814945221,
      0.7519021034240723,
      0.854347288608551,
      0.9907402396202087
    ]
  },
  "piecewise_scores": [
    {
      "ece": 0.0002663178233360159,
      "bucket_frequencies": [
        62666128.0,
        121808.0,
        70330.0,
        50218.0,
        38743.0,
        31880.0,
        26828.0,
        23637.0,
        20784.0,
        18693.0
      ],
      "bucket_accuracies": [
        5.481430095696993e-05,
        0.0012478654932352555,
        0.001393430968292336,
        0.0014934883906169102,
        0.0012905557132901428,
        0.0016938519447929736,
        0.001528254062919338,
        0.0016076490248339468,
        0.0018283294842186297,
        0.0014978869095383298
      ],
      "bucket_average_probabilities": [
        2.9273578547872603e-05,
        0.014418711885809898,
        0.024653205648064613,
        0.034766945987939835,
        0.044786207377910614,
        0.05488121509552002,
        0.06486333906650543,
        0.07487145811319351,
        0.0849139615893364,
        0.09491603821516037
      ],
      "lo": 0,
      "hi": 0.1
    },
    {
      "ece": 0.26296744993255566,
      "bucket_frequencies": [
        61165.0,
        47115.0,
        39154.0,
        33953.0,
        30415.0,
        28005.0,
        26577.0,
        25105.0,
        24385.0,
        23748.0
      ],
      "bucket_accuracies": [
        0.0015041281778795062,
        0.0013583784357423326,
        0.0018133524033304388,
        0.0018260536624156922,
        0.001874075291796811,
        0.0020710587395108017,
        0.0023704707077548256,
        0.0019518024297948617,
        0.0018864055771990978,
        0.0018527876031665825
      ],
      "bucket_average_probabilities": [
        0.11896371841430664,
        0.15935824811458588,
        0.1994348168373108,
        0.23960904777050018,
        0.27957314252853394,
        0.3197728097438812,
        0.35983186960220337,
        0.3998814821243286,
        0.4399574100971222,
        0.4799453616142273
      ],
      "lo": 0.1,
      "hi": 0.5
    },
    {
      "ece": 0.7276926969642579,
      "bucket_frequencies": [
        23760.0,
        23775.0,
        23993.0,
        25020.0,
        26518.0,
        28664.0,
        30912.0,
        35510.0,
        41804.0,
        52408.0
      ],
      "bucket_accuracies": [
        0.0022306397306397305,
        0.0014721345951629863,
        0.002250656441462093,
        0.002398081534772182,
        0.0019986424315559244,
        0.0020583310075355846,
        0.0020380434782608695,
        0.002168403266685441,
        0.002942302172040953,
        0.0023660509845825064
      ],
      "bucket_average_probabilities": [
        0.5200082063674927,
        0.5600643754005432,
        0.6000677943229675,
        0.6401833295822144,
        0.6801461577415466,
        0.7201350331306458,
        0.7603275775909424,
        0.8005882501602173,
        0.8406157493591309,
        0.8809525370597839
      ],
      "lo": 0.5,
      "hi": 0.9
    },
    {
      "ece": 0.9862090386538725,
      "bucket_frequencies": [
        15789.0,
        17289.0,
        19650.0,
        21967.0,
        25863.0,
        30602.0,
        38881.0,
        53360.0,
        88946.0,
        1179280.0
      ],
      "bucket_accuracies": [
        0.0020900627018810565,
        0.0025449707906761523,
        0.002340966921119593,
        0.0030045067601402104,
        0.003093221977342149,
        0.0027122410299980394,
        0.002520511303721612,
        0.0029047976011994004,
        0.0026757808108290424,
        0.005016620310698053
      ],
      "bucket_average_probabilities": [
        0.9050601720809937,
        0.9150928854942322,
        0.9250542521476746,
        0.9351107478141785,
        0.9451332688331604,
        0.955183744430542,
        0.9651685357093811,
        0.9753293395042419,
        0.9855450987815857,
        0.9989824295043945
      ],
      "lo": 0.9,
      "hi": 1.00000001
    }
  ],
  "positive_scores": {
    "ece": 0.08580354485913426,
    "bucket_frequencies": [
      4009.0,
      189.0,
      157.0,
      148.0,
      112.0,
      112.0,
      143.0,
      157.0,
      289.0,
      48764.0
    ],
    "bucket_accuracies": [
      1.0,
      1.0,
      1.0,
      1.0,
      1.0,
      1.0,
      1.0,
      1.0,
      1.0,
      1.0
    ],
    "bucket_average_probabilities": [
      0.006492879707366228,
      0.14555685222148895,
      0.2477768361568451,
      0.3494502902030945,
      0.44805997610092163,
      0.5489392280578613,
      0.648796021938324,
      0.7514861822128296,
      0.8526595830917358,
      0.9992359280586243
    ]
  }
}