{
  "runtime": 2.4012081623077393,
  "ndcg": 0.3529236899831874,
  "diversity_score": 23698.826927748665,
  "pseudo_iou": 0.04080991124260355,
  "calibration_scores": {
    "ece": 0.001973971806671106,
    "bucket_frequencies": [
      66285223.0,
      9607.0,
      6116.0,
      4991.0,
      4398.0,
      4372.0,
      4584.0,
      5528.0,
      7794.0,
      91616.0
    ],
    "bucket_accuracies": [
      0.00042976396111694455,
      0.04527948370979494,
      0.04316546762589928,
      0.05109196553796834,
      0.05002273760800364,
      0.052607502287282705,
      0.05366492146596859,
      0.05535455861070912,
      0.0550423402617398,
      0.07765019210618232
    ],
    "bucket_average_probabilities": [
      2.073906762234401e-05,
      0.1446935534477234,
      0.24767844378948212,
      0.3487137258052826,
      0.45029938220977783,
      0.5505404472351074,
      0.6506527662277222,
      0.7525222301483154,
      0.8540412783622742,
      0.98972487449646
    ]
  },
  "piecewise_scores": [
    {
      "ece": 0.0004171768589033294,
      "bucket_frequencies": [
        66253672.0,
        9596.0,
        5604.0,
        3994.0,
        2978.0,
        2441.0,
        2099.0,
        1782.0,
        1655.0,
        1402.0
      ],
      "bucket_accuracies": [
        0.00040965276611385404,
        0.040537724051688206,
        0.04014989293361884,
        0.04456685027541312,
        0.0493619879113499,
        0.039328144203195414,
        0.042401143401619816,
        0.04769921436588103,
        0.04169184290030212,
        0.04850213980028531
      ],
      "bucket_average_probabilities": [
        2.2402800823329017e-06,
        0.014442810788750648,
        0.024647142738103867,
        0.03472044691443443,
        0.04489591717720032,
        0.05490725487470627,
        0.06489916890859604,
        0.07490402460098267,
        0.08485385030508041,
        0.09487386047840118
      ],
      "lo": 0,
      "hi": 0.1
    },
    {
      "ece": 0.2170961692715055,
      "bucket_frequencies": [
        4625.0,
        3462.0,
        2886.0,
        2488.0,
        2262.0,
        2068.0,
        2009.0,
        1803.0,
        1740.0,
        1769.0
      ],
      "bucket_accuracies": [
        0.04497297297297297,
        0.04679376083188908,
        0.04365904365904366,
        0.04742765273311897,
        0.03757736516357206,
        0.05125725338491296,
        0.05276256844201095,
        0.04547975596228508,
        0.05344827586206897,
        0.0497456189937818
      ],
      "bucket_average_probabilities": [
        0.11886217445135117,
        0.15931834280490875,
        0.19937893748283386,
        0.23944979906082153,
        0.2795826196670532,
        0.3196706771850586,
        0.35978567600250244,
        0.39999109506607056,
        0.4399988651275635,
        0.4805971682071686
      ],
      "lo": 0.1,
      "hi": 0.5
    },
    {
      "ece": 0.6730808892196766,
      "bucket_frequencies": [
        1716.0,
        1775.0,
        1792.0,
        1773.0,
        1900.0,
        2055.0,
        2207.0,
        2509.0,
        2997.0,
        3554.0
      ],
      "bucket_accuracies": [
        0.053613053613053616,
        0.049014084507042255,
        0.05412946428571429,
        0.05358150028200789,
        0.05526315789473684,
        0.054987834549878344,
        0.05301314000906208,
        0.05699481865284974,
        0.057057057057057055,
        0.05374226223972988
      ],
      "bucket_average_probabilities": [
        0.5203509330749512,
        0.5600642561912537,
        0.600214421749115,
        0.6401216983795166,
        0.6799994111061096,
        0.7204342484474182,
        0.7607594728469849,
        0.8002246022224426,
        0.8403573036193848,
        0.8808491826057434
      ],
      "lo": 0.5,
      "hi": 0.9
    },
    {
      "ece": 0.9120747112089048,
      "bucket_frequencies": [
        1144.0,
        1249.0,
        1376.0,
        1423.0,
        1722.0,
        2018.0,
        2690.0,
        3610.0,
        5932.0,
        70452.0
      ],
      "bucket_accuracies": [
        0.05419580419580419,
        0.04483586869495596,
        0.057412790697674417,
        0.05551651440618412,
        0.05749128919860627,
        0.06095143706640238,
        0.06840148698884758,
        0.06620498614958449,
        0.06186783546864464,
        0.08269460057911769
      ],
      "bucket_average_probabilities": [
        0.905005156993866,
        0.9150623083114624,
        0.9251563549041748,
        0.9350230693817139,
        0.9452000856399536,
        0.9551444053649902,
        0.9652721285820007,
        0.9752585887908936,
        0.9854540228843689,
        0.9989035129547119
      ],
      "lo": 0.9,
      "hi": 1.00000001
    }
  ],
  "positive_scores": {
    "ece": 0.5486121440064778,
    "bucket_frequencies": [
      28487.0,
      435.0,
      264.0,
      255.0,
      220.0,
      230.0,
      246.0,
      306.0,
      429.0,
      23208.0
    ],
    "bucket_accuracies": [
      1.0,
      1.0,
      1.0,
      1.0,
      1.0,
      1.0,
      1.0,
      1.0,
      1.0,
      1.0
    ],
    "bucket_average_probabilities": [
      0.002073900308459997,
      0.14448365569114685,
      0.24666626751422882,
      0.34758591651916504,
      0.45150333642959595,
      0.5512553453445435,
      0.651370644569397,
      0.7526490688323975,
      0.8534571528434753,
      0.9976116418838501
    ]
  }
}