{
  "runtime": 2.4126980304718018,
  "ndcg": 0.3582581607944108,
  "diversity_score": 23748.24646392707,
  "pseudo_iou": 0.04084689349112426,
  "calibration_scores": {
    "ece": 0.0020200749419855314,
    "bucket_frequencies": [
      66286844.0,
      10979.0,
      6834.0,
      5468.0,
      4848.0,
      4740.0,
      4867.0,
      5950.0,
      8639.0,
      93880.0
    ],
    "bucket_accuracies": [
      0.000427897879705964,
      0.04472174150651243,
      0.04477611940298507,
      0.04480614484272129,
      0.053424092409240925,
      0.05126582278481013,
      0.05198274090815697,
      0.058151260504201684,
      0.054983215649959484,
      0.08377716233489561
    ],
    "bucket_average_probabilities": [
      2.3437511117663234e-05,
      0.14505809545516968,
      0.24756813049316406,
      0.34847787022590637,
      0.4489413797855377,
      0.5504401326179504,
      0.6508437991142273,
      0.7522033452987671,
      0.8543580770492554,
      0.9892710447311401
    ]
  },
  "piecewise_scores": [
    {
      "ece": 0.0004143301323437398,
      "bucket_frequencies": [
        66251102.0,
        11233.0,
        6149.0,
        4312.0,
        3419.0,
        2826.0,
        2422.0,
        2018.0,
        1741.0,
        1622.0
      ],
      "bucket_accuracies": [
        0.0004061215464763137,
        0.03774592717884804,
        0.041470157749227514,
        0.04359925788497217,
        0.039192746417081016,
        0.04777070063694268,
        0.04046242774566474,
        0.046085232903865216,
        0.040781160252728314,
        0.036991368680641186
      ],
      "bucket_average_probabilities": [
        2.6066636564792134e-06,
        0.014402542263269424,
        0.02459901198744774,
        0.03472736105322838,
        0.04483061656355858,
        0.0548078790307045,
        0.0648576095700264,
        0.07491829246282578,
        0.08492305874824524,
        0.09484242647886276
      ],
      "lo": 0,
      "hi": 0.1
    },
    {
      "ece": 0.21562865854248336,
      "bucket_frequencies": [
        5176.0,
        4077.0,
        3246.0,
        2799.0,
        2515.0,
        2330.0,
        2087.0,
        2040.0,
        1979.0,
        1880.0
      ],
      "bucket_accuracies": [
        0.04308346213292118,
        0.043659553593328425,
        0.04775107825015404,
        0.04180064308681672,
        0.04930417495029821,
        0.045064377682403435,
        0.047436511739338764,
        0.04803921568627451,
        0.053562405255179385,
        0.05106382978723404
      ],
      "bucket_average_probabilities": [
        0.1189536303281784,
        0.1592962145805359,
        0.199111670255661,
        0.23949052393436432,
        0.2793910503387451,
        0.3197129964828491,
        0.35969388484954834,
        0.3994855582714081,
        0.4394895136356354,
        0.47959160804748535
      ],
      "lo": 0.1,
      "hi": 0.5
    },
    {
      "ece": 0.6743326116655657,
      "bucket_frequencies": [
        1843.0,
        1915.0,
        1903.0,
        1936.0,
        2010.0,
        2206.0,
        2411.0,
        2728.0,
        3269.0,
        3975.0
      ],
      "bucket_accuracies": [
        0.05371676614215952,
        0.05065274151436031,
        0.05202312138728324,
        0.04442148760330578,
        0.05721393034825871,
        0.06391659111514053,
        0.053504769805060144,
        0.05571847507331378,
        0.05536861425512389,
        0.054842767295597485
      ],
      "bucket_average_probabilities": [
        0.5194573998451233,
        0.5600622892379761,
        0.599601686000824,
        0.6399725079536438,
        0.6800174117088318,
        0.7202776670455933,
        0.7605476379394531,
        0.8004223704338074,
        0.8406664729118347,
        0.8810327053070068
      ],
      "lo": 0.5,
      "hi": 0.9
    },
    {
      "ece": 0.9054938373765795,
      "bucket_frequencies": [
        1194.0,
        1234.0,
        1471.0,
        1658.0,
        1925.0,
        2181.0,
        2818.0,
        3935.0,
        6318.0,
        71146.0
      ],
      "bucket_accuracies": [
        0.05862646566164154,
        0.05753646677471637,
        0.06934058463630184,
        0.05307599517490953,
        0.05142857142857143,
        0.061898211829436035,
        0.06493967352732434,
        0.060991105463786534,
        0.06251978474200696,
        0.0911084249290192
      ],
      "bucket_average_probabilities": [
        0.9050149917602539,
        0.9150089025497437,
        0.9251371026039124,
        0.9350060820579529,
        0.9452365040779114,
        0.9552284479141235,
        0.9651370048522949,
        0.9753235578536987,
        0.9855801463127136,
        0.9988538026809692
      ],
      "lo": 0.9,
      "hi": 1.00000001
    }
  ],
  "positive_scores": {
    "ece": 0.548547748300559,
    "bucket_frequencies": [
      28364.0,
      491.0,
      306.0,
      245.0,
      259.0,
      243.0,
      253.0,
      346.0,
      475.0,
      23098.0
    ],
    "bucket_accuracies": [
      1.0,
      1.0,
      1.0,
      1.0,
      1.0,
      1.0,
      1.0,
      1.0,
      1.0,
      1.0
    ],
    "bucket_average_probabilities": [
      0.0022412335965782404,
      0.1468840092420578,
      0.24966390430927277,
      0.3483029007911682,
      0.44923126697540283,
      0.5493056178092957,
      0.6518508791923523,
      0.7506365180015564,
      0.854174792766571,
      0.9973552823066711
    ]
  }
}