{
  "runtime": 1.9683594703674316,
  "ndcg": 0.30206092304292376,
  "diversity_score": 18350.797743676383,
  "pseudo_iou": 0.030602810650887574,
  "calibration_scores": {
    "ece": 0.0032252108007170288,
    "bucket_frequencies": [
      66161255.0,
      22716.0,
      14160.0,
      11263.0,
      9860.0,
      9565.0,
      10224.0,
      11782.0,
      16625.0,
      160765.0
    ],
    "bucket_accuracies": [
      0.00036705772887772457,
      0.03187180841697482,
      0.03679378531073446,
      0.034537867353280655,
      0.03468559837728195,
      0.03847360167276529,
      0.03648278560250391,
      0.03870310643354269,
      0.04421052631578947,
      0.07306938699343762
    ],
    "bucket_average_probabilities": [
      5.073417560197413e-05,
      0.1441822350025177,
      0.24751333892345428,
      0.3486799895763397,
      0.44959309697151184,
      0.5500243902206421,
      0.6510888338088989,
      0.7518362402915955,
      0.8538843393325806,
      0.9881488680839539
    ]
  },
  "piecewise_scores": [
    {
      "ece": 0.0003500342963306237,
      "bucket_frequencies": [
        66083876.0,
        24286.0,
        13670.0,
        9517.0,
        7329.0,
        6047.0,
        5057.0,
        4314.0,
        3767.0,
        3392.0
      ],
      "bucket_accuracies": [
        0.0003352406266242616,
        0.025734991353042906,
        0.024506217995610827,
        0.026794157822843334,
        0.03247373447946514,
        0.028939970233173476,
        0.029068617757563774,
        0.025498377375985166,
        0.03477568356782586,
        0.033903301886792456
      ],
      "bucket_average_probabilities": [
        5.850815796293318e-06,
        0.014363049529492855,
        0.024671869352459908,
        0.03478957340121269,
        0.0448317788541317,
        0.0547880157828331,
        0.06491877883672714,
        0.07485342025756836,
        0.08488829433917999,
        0.0949162021279335
      ],
      "lo": 0,
      "hi": 0.1
    },
    {
      "ece": 0.22697294920163413,
      "bucket_frequencies": [
        11044.0,
        8229.0,
        6625.0,
        5797.0,
        5181.0,
        4732.0,
        4424.0,
        4088.0,
        4020.0,
        3859.0
      ],
      "bucket_accuracies": [
        0.03196305686345527,
        0.03135253372220197,
        0.03713207547169811,
        0.035363118854579954,
        0.03532136653155762,
        0.03761622992392223,
        0.03141952983725135,
        0.033268101761252444,
        0.03407960199004975,
        0.036537963202902306
      ],
      "bucket_average_probabilities": [
        0.11878912895917892,
        0.15917064249515533,
        0.19941513240337372,
        0.23946867883205414,
        0.27967292070388794,
        0.31983304023742676,
        0.3599257469177246,
        0.399630069732666,
        0.43983960151672363,
        0.48006394505500793
      ],
      "lo": 0.1,
      "hi": 0.5
    },
    {
      "ece": 0.6855273535846922,
      "bucket_frequencies": [
        3812.0,
        3832.0,
        3858.0,
        4018.0,
        4269.0,
        4441.0,
        4774.0,
        5410.0,
        6098.0,
        7684.0
      ],
      "bucket_accuracies": [
        0.039349422875131164,
        0.0360125260960334,
        0.038880248833592534,
        0.03633648581383773,
        0.03677676270789412,
        0.038054492231479393,
        0.03581901968998743,
        0.04565619223659889,
        0.044440800262381105,
        0.043336803748047895
      ],
      "bucket_average_probabilities": [
        0.5198099613189697,
        0.5601273775100708,
        0.59980708360672,
        0.6400408148765564,
        0.6802651882171631,
        0.7203951478004456,
        0.7604436278343201,
        0.8005931377410889,
        0.8406747579574585,
        0.8806200623512268
      ],
      "lo": 0.5,
      "hi": 0.9
    },
    {
      "ece": 0.915079458544081,
      "bucket_frequencies": [
        2243.0,
        2425.0,
        2795.0,
        3231.0,
        3626.0,
        4193.0,
        5297.0,
        7220.0,
        11712.0,
        118023.0
      ],
      "bucket_accuracies": [
        0.05037895675434686,
        0.047010309278350516,
        0.05116279069767442,
        0.04580625193438564,
        0.042746828461114175,
        0.04722155974242786,
        0.050783462337171986,
        0.049722991689750695,
        0.05191256830601093,
        0.08167899477220542
      ],
      "bucket_average_probabilities": [
        0.9050369262695312,
        0.9150505661964417,
        0.9249730706214905,
        0.9351686239242554,
        0.9450385570526123,
        0.9551886916160583,
        0.9651721119880676,
        0.9753087759017944,
        0.985526442527771,
        0.9987491965293884
      ],
      "lo": 0.9,
      "hi": 1.00000001
    }
  ],
  "positive_scores": {
    "ece": 0.4854816768547715,
    "bucket_frequencies": [
      24285.0,
      724.0,
      521.0,
      389.0,
      342.0,
      368.0,
      373.0,
      456.0,
      735.0,
      25887.0
    ],
    "bucket_accuracies": [
      1.0,
      1.0,
      1.0,
      1.0,
      1.0,
      1.0,
      1.0,
      1.0,
      1.0,
      1.0
    ],
    "bucket_average_probabilities": [
      0.003907924983650446,
      0.14397038519382477,
      0.2460593730211258,
      0.3470304310321808,
      0.4509097635746002,
      0.5489883422851562,
      0.6507845520973206,
      0.7531973719596863,
      0.8531392216682434,
      0.9963813424110413
    ]
  }
}