{
  "runtime": 1.9506118297576904,
  "ndcg": 0.3547989845105769,
  "diversity_score": 22433.129907038958,
  "pseudo_iou": 0.03838757396449704,
  "calibration_scores": {
    "ece": 0.0024259060875878725,
    "bucket_frequencies": [
      66245316.0,
      14922.0,
      9488.0,
      7385.0,
      6664.0,
      6430.0,
      6702.0,
      7947.0,
      11277.0,
      117185.0
    ],
    "bucket_accuracies": [
      0.00039722053707163233,
      0.0385337086181477,
      0.041526138279932547,
      0.04075829383886256,
      0.0430672268907563,
      0.04836702954898912,
      0.0444643390032826,
      0.043915943123191144,
      0.04877183648133369,
      0.07959209796475658
    ],
    "bucket_average_probabilities": [
      3.3033709769370034e-05,
      0.144857719540596,
      0.2470359355211258,
      0.3484569191932678,
      0.4490579068660736,
      0.5504827499389648,
      0.6510640978813171,
      0.7518089413642883,
      0.8542206883430481,
      0.9885675311088562
    ]
  },
  "piecewise_scores": [
    {
      "ece": 0.00037965978649508127,
      "bucket_frequencies": [
        66194916.0,
        15753.0,
        8844.0,
        6112.0,
        4933.0,
        3875.0,
        3319.0,
        2833.0,
        2477.0,
        2254.0
      ],
      "bucket_accuracies": [
        0.00037010395178989277,
        0.033200025391988824,
        0.034147444595205786,
        0.035667539267015706,
        0.03608351915669978,
        0.03638709677419355,
        0.03796324194034348,
        0.04447582068478644,
        0.03996770286637061,
        0.04525288376220053
      ],
      "bucket_average_probabilities": [
        3.7351505852711853e-06,
        0.014363178052008152,
        0.024659479036927223,
        0.03472226858139038,
        0.04475989192724228,
        0.054748550057411194,
        0.06491782516241074,
        0.07478154450654984,
        0.08485839515924454,
        0.09496042132377625
      ],
      "lo": 0,
      "hi": 0.1
    },
    {
      "ece": 0.2213869291499868,
      "bucket_frequencies": [
        7099.0,
        5496.0,
        4442.0,
        4016.0,
        3357.0,
        3148.0,
        2834.0,
        2799.0,
        2686.0,
        2582.0
      ],
      "bucket_accuracies": [
        0.036061417101000144,
        0.04002911208151383,
        0.04209815398469158,
        0.04008964143426295,
        0.04319332737563301,
        0.04510800508259212,
        0.04128440366972477,
        0.03465523401214719,
        0.03983618763961281,
        0.04841208365608056
      ],
      "bucket_average_probabilities": [
        0.11901047080755234,
        0.15918384492397308,
        0.19943633675575256,
        0.23930054903030396,
        0.27965059876441956,
        0.3200060725212097,
        0.35961049795150757,
        0.3999286890029907,
        0.43962183594703674,
        0.47991323471069336
      ],
      "lo": 0.1,
      "hi": 0.5
    },
    {
      "ece": 0.6800194411791952,
      "bucket_frequencies": [
        2517.0,
        2626.0,
        2587.0,
        2631.0,
        2771.0,
        2990.0,
        3186.0,
        3663.0,
        4142.0,
        5243.0
      ],
      "bucket_accuracies": [
        0.05323798172427493,
        0.04722010662604722,
        0.04445303440278315,
        0.04294944887875333,
        0.04438830747022735,
        0.04414715719063545,
        0.044256120527306965,
        0.04586404586404586,
        0.0453887011105746,
        0.051497234407781804
      ],
      "bucket_average_probabilities": [
        0.5204328298568726,
        0.5599144697189331,
        0.6000918745994568,
        0.6402039527893066,
        0.6806050539016724,
        0.7202473282814026,
        0.7601876854896545,
        0.8005122542381287,
        0.8402408957481384,
        0.8811027407646179
      ],
      "lo": 0.5,
      "hi": 0.9
    },
    {
      "ece": 0.908975446114347,
      "bucket_frequencies": [
        1569.0,
        1723.0,
        1938.0,
        2281.0,
        2581.0,
        2967.0,
        3673.0,
        5047.0,
        8207.0,
        87199.0
      ],
      "bucket_accuracies": [
        0.0579987253027406,
        0.0481717933836332,
        0.05675954592363261,
        0.05830775975449364,
        0.053080201472297556,
        0.05224132119986518,
        0.05200108902804247,
        0.06201703982563899,
        0.06092360180333861,
        0.08731751510911823
      ],
      "bucket_average_probabilities": [
        0.905139148235321,
        0.915068507194519,
        0.9250485897064209,
        0.9351198077201843,
        0.9451296329498291,
        0.9551638960838318,
        0.9652413725852966,
        0.9752817749977112,
        0.9854877591133118,
        0.9987944960594177
      ],
      "lo": 0.9,
      "hi": 1.00000001
    }
  ],
  "positive_scores": {
    "ece": 0.5151413782285327,
    "bucket_frequencies": [
      26314.0,
      575.0,
      394.0,
      301.0,
      287.0,
      311.0,
      298.0,
      349.0,
      550.0,
      24701.0
    ],
    "bucket_accuracies": [
      1.0,
      1.0,
      1.0,
      1.0,
      1.0,
      1.0,
      1.0,
      1.0,
      1.0,
      1.0
    ],
    "bucket_average_probabilities": [
      0.003088709432631731,
      0.1473163664340973,
      0.24798540771007538,
      0.3457622528076172,
      0.4522745609283447,
      0.548538863658905,
      0.6516232490539551,
      0.7523094415664673,
      0.8554540872573853,
      0.9969536662101746
    ]
  }
}