{
  "runtime": 1.9171299934387207,
  "ndcg": 0.35003504878242847,
  "diversity_score": 22196.96136659424,
  "pseudo_iou": 0.03796227810650887,
  "calibration_scores": {
    "ece": 0.0024592585654480237,
    "bucket_frequencies": [
      66245813.0,
      16852.0,
      10511.0,
      8143.0,
      7338.0,
      7126.0,
      7540.0,
      8634.0,
      12131.0,
      117597.0
    ],
    "bucket_accuracies": [
      0.000398817658106181,
      0.03744362686921433,
      0.040148415945200265,
      0.042367677760039295,
      0.04156445898064868,
      0.041397698568621945,
      0.048541114058355435,
      0.051772063933287,
      0.04871816008573077,
      0.08661785589768446
    ],
    "bucket_average_probabilities": [
      3.7556117604253814e-05,
      0.14439766108989716,
      0.24774400889873505,
      0.3491312265396118,
      0.44943422079086304,
      0.5500578880310059,
      0.6502551436424255,
      0.7522093057632446,
      0.8541061878204346,
      0.9880906343460083
    ]
  },
  "piecewise_scores": [
    {
      "ece": 0.00038139548620756767,
      "bucket_frequencies": [
        66188255.0,
        18331.0,
        10200.0,
        7162.0,
        5438.0,
        4297.0,
        3643.0,
        3184.0,
        2859.0,
        2444.0
      ],
      "bucket_accuracies": [
        0.00036982392117755635,
        0.03076755223392068,
        0.035980392156862745,
        0.0336498184864563,
        0.030893710923133505,
        0.03164998836397487,
        0.03568487510293714,
        0.03706030150753769,
        0.04232249038125219,
        0.03968903436988543
      ],
      "bucket_average_probabilities": [
        4.458584953681566e-06,
        0.01437733881175518,
        0.024645650759339333,
        0.034722425043582916,
        0.044836852699518204,
        0.0549207404255867,
        0.0649012103676796,
        0.07489743828773499,
        0.08483172953128815,
        0.09490791708230972
      ],
      "lo": 0,
      "hi": 0.1
    },
    {
      "ece": 0.22115933772685337,
      "bucket_frequencies": [
        8176.0,
        6041.0,
        4966.0,
        4293.0,
        3887.0,
        3322.0,
        3314.0,
        3004.0,
        2954.0,
        2887.0
      ],
      "bucket_accuracies": [
        0.03913894324853229,
        0.03492799205429565,
        0.04027386226339106,
        0.039133473095737246,
        0.03961924363262156,
        0.042745334136062615,
        0.04435727217863609,
        0.039280958721704395,
        0.04536222071767095,
        0.03775545549012816
      ],
      "bucket_average_probabilities": [
        0.11870696395635605,
        0.15926259756088257,
        0.19938167929649353,
        0.2395278513431549,
        0.2794831097126007,
        0.3199247419834137,
        0.3598894476890564,
        0.3999382555484772,
        0.4397486448287964,
        0.4797465205192566
      ],
      "lo": 0.1,
      "hi": 0.5
    },
    {
      "ece": 0.6767907522664823,
      "bucket_frequencies": [
        2867.0,
        2797.0,
        2969.0,
        2972.0,
        3061.0,
        3207.0,
        3471.0,
        3986.0,
        4505.0,
        5596.0
      ],
      "bucket_accuracies": [
        0.035228461806766656,
        0.04612084376117268,
        0.04580666891209161,
        0.04676985195154778,
        0.05096373734073832,
        0.04801995634549423,
        0.05128205128205128,
        0.054189663823381834,
        0.051054384017758046,
        0.04646175839885633
      ],
      "bucket_average_probabilities": [
        0.5202145576477051,
        0.5598215460777283,
        0.6002010703086853,
        0.6396670341491699,
        0.680259108543396,
        0.7202351689338684,
        0.7604472637176514,
        0.8002253174781799,
        0.8406632542610168,
        0.8809049129486084
      ],
      "lo": 0.5,
      "hi": 0.9
    },
    {
      "ece": 0.9014727238453256,
      "bucket_frequencies": [
        1769.0,
        1796.0,
        1979.0,
        2289.0,
        2574.0,
        3213.0,
        3919.0,
        5210.0,
        8652.0,
        86196.0
      ],
      "bucket_accuracies": [
        0.047484454494064444,
        0.05456570155902005,
        0.060131379484588174,
        0.05417212756662298,
        0.05283605283605284,
        0.06816059757236227,
        0.06175044654248533,
        0.06295585412667946,
        0.05836800739713361,
        0.09665181678964221
      ],
      "bucket_average_probabilities": [
        0.9051077961921692,
        0.9151370525360107,
        0.9250659346580505,
        0.9350741505622864,
        0.945184051990509,
        0.9551882743835449,
        0.9652167558670044,
        0.9753467440605164,
        0.9855166673660278,
        0.9987449645996094
      ],
      "lo": 0.9,
      "hi": 1.00000001
    }
  ],
  "positive_scores": {
    "ece": 0.5200382169710469,
    "bucket_frequencies": [
      26420.0,
      631.0,
      422.0,
      345.0,
      305.0,
      295.0,
      366.0,
      447.0,
      591.0,
      24258.0
    ],
    "bucket_accuracies": [
      1.0,
      1.0,
      1.0,
      1.0,
      1.0,
      1.0,
      1.0,
      1.0,
      1.0,
      1.0
    ],
    "bucket_average_probabilities": [
      0.0032337442971765995,
      0.14335773885250092,
      0.2471548318862915,
      0.34932008385658264,
      0.4479534327983856,
      0.5530608892440796,
      0.6494213342666626,
      0.7545696496963501,
      0.8536468744277954,
      0.9966344833374023
    ]
  }
}