{
  "runtime": 1.9827580451965332,
  "ndcg": 0.308243150278381,
  "diversity_score": 18395.498897465102,
  "pseudo_iou": 0.03073224852071006,
  "calibration_scores": {
    "ece": 0.0031434133599337172,
    "bucket_frequencies": [
      66163830.0,
      19194.0,
      12149.0,
      9621.0,
      8779.0,
      8322.0,
      8780.0,
      10449.0,
      15348.0,
      159180.0
    ],
    "bucket_accuracies": [
      0.0003628417520569774,
      0.03376055017192873,
      0.03267758663264466,
      0.0339881509198628,
      0.03690625355963094,
      0.03881278538812785,
      0.037015945330296125,
      0.03541008708967365,
      0.040721918165233253,
      0.06838170624450308
    ],
    "bucket_average_probabilities": [
      4.195241126581095e-05,
      0.14485763013362885,
      0.2468636929988861,
      0.3484596610069275,
      0.449869841337204,
      0.5501242876052856,
      0.651005208492279,
      0.7518409490585327,
      0.8543789982795715,
      0.9889442324638367
    ]
  },
  "piecewise_scores": [
    {
      "ece": 0.0003478329507084493,
      "bucket_frequencies": [
        66100005.0,
        19960.0,
        11184.0,
        7727.0,
        5967.0,
        4984.0,
        4263.0,
        3719.0,
        3204.0,
        2817.0
      ],
      "bucket_accuracies": [
        0.0003347352243014202,
        0.02750501002004008,
        0.02852288984263233,
        0.029118674776756826,
        0.030501089324618737,
        0.030698234349919744,
        0.03096410978184377,
        0.030115622479161063,
        0.03464419475655431,
        0.034788782392616256
      ],
      "bucket_average_probabilities": [
        4.669930149248103e-06,
        0.014412296004593372,
        0.02459166757762432,
        0.03474636748433113,
        0.04483586177229881,
        0.05486347898840904,
        0.06487765163183212,
        0.07491043955087662,
        0.08492225408554077,
        0.0950048491358757
      ],
      "lo": 0,
      "hi": 0.1
    },
    {
      "ece": 0.22888610573982807,
      "bucket_frequencies": [
        9093.0,
        7081.0,
        5824.0,
        5061.0,
        4284.0,
        4075.0,
        3716.0,
        3570.0,
        3528.0,
        3511.0
      ],
      "bucket_accuracies": [
        0.033102386451116246,
        0.034034740855811325,
        0.03245192307692308,
        0.03556609365737996,
        0.03127917833800187,
        0.03411042944785276,
        0.032023681377825616,
        0.036414565826330535,
        0.034013605442176874,
        0.04072913699800627
      ],
      "bucket_average_probabilities": [
        0.11884255707263947,
        0.15910518169403076,
        0.1994667947292328,
        0.2394033521413803,
        0.2798716425895691,
        0.31977298855781555,
        0.35949450731277466,
        0.3997630774974823,
        0.43954524397850037,
        0.4799518585205078
      ],
      "lo": 0.1,
      "hi": 0.5
    },
    {
      "ece": 0.6904578955638281,
      "bucket_frequencies": [
        3328.0,
        3293.0,
        3359.0,
        3464.0,
        3658.0,
        3964.0,
        4188.0,
        4798.0,
        5696.0,
        7151.0
      ],
      "bucket_accuracies": [
        0.041165865384615384,
        0.03613726085636198,
        0.041679071152128606,
        0.03493071593533487,
        0.035811919081465284,
        0.03884964682139253,
        0.029608404966571154,
        0.041684035014589414,
        0.039501404494382025,
        0.04083344986715145
      ],
      "bucket_average_probabilities": [
        0.5199881792068481,
        0.5599693059921265,
        0.5997544527053833,
        0.6401540637016296,
        0.6799864172935486,
        0.7205742597579956,
        0.7605997323989868,
        0.8003897070884705,
        0.8404959440231323,
        0.8809273838996887
      ],
      "lo": 0.5,
      "hi": 0.9
    },
    {
      "ece": 0.9205624653883714,
      "bucket_frequencies": [
        2016.0,
        2287.0,
        2539.0,
        2912.0,
        3268.0,
        4034.0,
        4933.0,
        6523.0,
        11099.0,
        119569.0
      ],
      "bucket_accuracies": [
        0.04563492063492063,
        0.04897245299519021,
        0.04096100827097282,
        0.040865384615384616,
        0.04253365973072215,
        0.04462072384729797,
        0.04905736874113116,
        0.049210485972711944,
        0.05054509415262636,
        0.07539579656934489
      ],
      "bucket_average_probabilities": [
        0.9049963355064392,
        0.9150239825248718,
        0.9250748753547668,
        0.9351057410240173,
        0.9451081156730652,
        0.9551284909248352,
        0.9652400016784668,
        0.9752975702285767,
        0.9855297207832336,
        0.9988192319869995
      ],
      "lo": 0.9,
      "hi": 1.00000001
    }
  ],
  "positive_scores": {
    "ece": 0.4750715548198468,
    "bucket_frequencies": [
      24007.0,
      648.0,
      397.0,
      327.0,
      324.0,
      323.0,
      325.0,
      370.0,
      625.0,
      26734.0
    ],
    "bucket_accuracies": [
      1.0,
      1.0,
      1.0,
      1.0,
      1.0,
      1.0,
      1.0,
      1.0,
      1.0,
      1.0
    ],
    "bucket_average_probabilities": [
      0.003459207946434617,
      0.14569371938705444,
      0.247366264462471,
      0.349394828081131,
      0.45261844992637634,
      0.5484175086021423,
      0.6485952734947205,
      0.7508213520050049,
      0.8541096448898315,
      0.9969333410263062
    ]
  }
}