{
  "runtime": 1.987901210784912,
  "ndcg": 0.3077943894630483,
  "diversity_score": 18403.76643354434,
  "pseudo_iou": 0.03073224852071006,
  "calibration_scores": {
    "ece": 0.003147297391969165,
    "bucket_frequencies": [
      66161508.0,
      18586.0,
      11737.0,
      9644.0,
      8585.0,
      8319.0,
      8829.0,
      10446.0,
      14967.0,
      160058.0
    ],
    "bucket_accuracies": [
      0.0003586979909829141,
      0.033573657591735716,
      0.03535826872284229,
      0.036603069265864784,
      0.03739079790331974,
      0.03401851184036543,
      0.037490089477857064,
      0.036951943327589505,
      0.04135765350437629,
      0.06741931049994378
    ],
    "bucket_average_probabilities": [
      4.07395746151451e-05,
      0.14462125301361084,
      0.24747700989246368,
      0.34920811653137207,
      0.44897177815437317,
      0.5504200458526611,
      0.6506993174552917,
      0.7522503137588501,
      0.8543818593025208,
      0.9891575574874878
    ]
  },
  "piecewise_scores": [
    {
      "ece": 0.00034559917353169605,
      "bucket_frequencies": [
        66099512.0,
        19178.0,
        10952.0,
        7694.0,
        5912.0,
        4750.0,
        4021.0,
        3519.0,
        3087.0,
        2883.0
      ],
      "bucket_accuracies": [
        0.0003325743161311085,
        0.0258108249035353,
        0.02885317750182615,
        0.02937353782167923,
        0.032307171853856564,
        0.027789473684210527,
        0.02337726933598607,
        0.028132992327365727,
        0.03012633624878523,
        0.035726673603884845
      ],
      "bucket_average_probabilities": [
        4.502573574427515e-06,
        0.01436418853700161,
        0.0246458500623703,
        0.03475174680352211,
        0.04479464143514633,
        0.054781146347522736,
        0.06480775773525238,
        0.07484231889247894,
        0.08494982868432999,
        0.09495650976896286
      ],
      "lo": 0,
      "hi": 0.1
    },
    {
      "ece": 0.22865697891404,
      "bucket_frequencies": [
        8874.0,
        6882.0,
        5475.0,
        4814.0,
        4278.0,
        3953.0,
        3823.0,
        3645.0,
        3481.0,
        3327.0
      ],
      "bucket_accuracies": [
        0.029411764705882353,
        0.03763440860215054,
        0.03488584474885845,
        0.03406730369754882,
        0.0383356708742403,
        0.03693397419681255,
        0.037405179178655504,
        0.030452674897119343,
        0.038494685435219764,
        0.04207995190862639
      ],
      "bucket_average_probabilities": [
        0.11886176466941833,
        0.15920090675354004,
        0.19947880506515503,
        0.23967190086841583,
        0.27962633967399597,
        0.3197999894618988,
        0.3596562445163727,
        0.3998647630214691,
        0.4394887685775757,
        0.47961604595184326
      ],
      "lo": 0.1,
      "hi": 0.5
    },
    {
      "ece": 0.6896104491890515,
      "bucket_frequencies": [
        3252.0,
        3428.0,
        3315.0,
        3556.0,
        3597.0,
        3859.0,
        4266.0,
        4735.0,
        5619.0,
        6934.0
      ],
      "bucket_accuracies": [
        0.033825338253382534,
        0.03442240373395566,
        0.036500754147812974,
        0.03458942632170978,
        0.03947734222963581,
        0.03679709769370303,
        0.038209095171120484,
        0.03590285110876452,
        0.04342409681437978,
        0.04124603403518892
      ],
      "bucket_average_probabilities": [
        0.5200977325439453,
        0.5603294968605042,
        0.600035548210144,
        0.6401894688606262,
        0.680058479309082,
        0.7205455899238586,
        0.7603177428245544,
        0.8003509044647217,
        0.8405585885047913,
        0.8809748888015747
      ],
      "lo": 0.5,
      "hi": 0.9
    },
    {
      "ece": 0.921738233984289,
      "bucket_frequencies": [
        2031.0,
        2172.0,
        2516.0,
        2779.0,
        3223.0,
        3893.0,
        4841.0,
        6850.0,
        10910.0,
        120843.0
      ],
      "bucket_accuracies": [
        0.0482520925652388,
        0.04558011049723757,
        0.04133545310015898,
        0.041381792011514935,
        0.03971455165994415,
        0.04675057796044182,
        0.04420574261516216,
        0.04744525547445255,
        0.055637030247479374,
        0.07380650927236165
      ],
      "bucket_average_probabilities": [
        0.9050298929214478,
        0.9151097536087036,
        0.9251336455345154,
        0.9350945949554443,
        0.9450652003288269,
        0.955146849155426,
        0.9651533961296082,
        0.9753461480140686,
        0.9855214357376099,
        0.9988231062889099
      ],
      "lo": 0.9,
      "hi": 1.00000001
    }
  ],
  "positive_scores": {
    "ece": 0.4698951133319346,
    "bucket_frequencies": [
      23732.0,
      624.0,
      415.0,
      353.0,
      321.0,
      283.0,
      331.0,
      386.0,
      619.0,
      27016.0
    ],
    "bucket_accuracies": [
      1.0,
      1.0,
      1.0,
      1.0,
      1.0,
      1.0,
      1.0,
      1.0,
      1.0,
      1.0
    ],
    "bucket_average_probabilities": [
      0.003232753137126565,
      0.1478612720966339,
      0.24932698905467987,
      0.3486461341381073,
      0.45333409309387207,
      0.5506722331047058,
      0.6519722938537598,
      0.7515426278114319,
      0.8559452891349792,
      0.9970186352729797
    ]
  }
}