{
  "runtime": 2.0250213146209717,
  "ndcg": 0.3077090293092065,
  "diversity_score": 18823.621777715067,
  "pseudo_iou": 0.03150887573964497,
  "calibration_scores": {
    "ece": 0.0031860628435062895,
    "bucket_frequencies": [
      66161063.0,
      20264.0,
      12882.0,
      10316.0,
      9160.0,
      8628.0,
      9202.0,
      10882.0,
      15734.0,
      160990.0
    ],
    "bucket_accuracies": [
      0.0003611187444192062,
      0.03192854322937229,
      0.029886663561558766,
      0.03586661496704149,
      0.03504366812227074,
      0.035929531757070005,
      0.040425994349054556,
      0.042271641242418674,
      0.043472734206177706,
      0.06890490092552333
    ],
    "bucket_average_probabilities": [
      4.492320658755489e-05,
      0.1442517787218094,
      0.24738791584968567,
      0.34877052903175354,
      0.44947290420532227,
      0.5505152940750122,
      0.6507237553596497,
      0.751224935054779,
      0.8541719317436218,
      0.9886354804039001
    ]
  },
  "piecewise_scores": [
    {
      "ece": 0.0003473530837247479,
      "bucket_frequencies": [
        66092849.0,
        21098.0,
        12008.0,
        8450.0,
        6490.0,
        5366.0,
        4417.0,
        3905.0,
        3446.0,
        3034.0
      ],
      "bucket_accuracies": [
        0.00033342487626762766,
        0.025168262394539766,
        0.02631578947368421,
        0.02911242603550296,
        0.0275808936825886,
        0.030935519940365263,
        0.028526148969889066,
        0.03277848911651728,
        0.023505513639001743,
        0.02702702702702703
      ],
      "bucket_average_probabilities": [
        5.049994342698483e-06,
        0.01439958717674017,
        0.024640822783112526,
        0.03474679961800575,
        0.04484350606799126,
        0.05485597625374794,
        0.06483826041221619,
        0.07493549585342407,
        0.08496282994747162,
        0.0948944166302681
      ],
      "lo": 0,
      "hi": 0.1
    },
    {
      "ece": 0.22998095632821602,
      "bucket_frequencies": [
        9924.0,
        7256.0,
        6027.0,
        5269.0,
        4670.0,
        4334.0,
        4047.0,
        3759.0,
        3770.0,
        3566.0
      ],
      "bucket_accuracies": [
        0.029826682789197905,
        0.0344542447629548,
        0.031027044964327195,
        0.030556082748149554,
        0.02955032119914347,
        0.03691739732348869,
        0.03558191252779837,
        0.03910614525139665,
        0.03368700265251989,
        0.03168816601233875
      ],
      "bucket_average_probabilities": [
        0.11901209503412247,
        0.159506693482399,
        0.199467271566391,
        0.23974885046482086,
        0.27967599034309387,
        0.3198506236076355,
        0.3600207567214966,
        0.39974310994148254,
        0.4398343563079834,
        0.4798210859298706
      ],
      "lo": 0.1,
      "hi": 0.5
    },
    {
      "ece": 0.6868149451111843,
      "bucket_frequencies": [
        3389.0,
        3495.0,
        3548.0,
        3599.0,
        3799.0,
        4152.0,
        4445.0,
        4874.0,
        5890.0,
        7255.0
      ],
      "bucket_accuracies": [
        0.03629389200354087,
        0.03805436337625179,
        0.03325817361894025,
        0.04251180883578772,
        0.040800210581732034,
        0.038053949903660886,
        0.04499437570303712,
        0.04513746409519902,
        0.041935483870967745,
        0.043969676085458306
      ],
      "bucket_average_probabilities": [
        0.5201205611228943,
        0.5603182911872864,
        0.6002064943313599,
        0.6401081681251526,
        0.6800535321235657,
        0.7201592326164246,
        0.7602105140686035,
        0.8007525205612183,
        0.8407692313194275,
        0.8807905316352844
      ],
      "lo": 0.5,
      "hi": 0.9
    },
    {
      "ece": 0.9197306074639404,
      "bucket_frequencies": [
        2178.0,
        2401.0,
        2656.0,
        3005.0,
        3388.0,
        4079.0,
        5086.0,
        6998.0,
        11219.0,
        119980.0
      ],
      "bucket_accuracies": [
        0.04499540863177227,
        0.038317367763431906,
        0.04103915662650602,
        0.045923460898502494,
        0.04250295159386069,
        0.04780583476342241,
        0.047778214707038934,
        0.05001428979708488,
        0.04840003565380158,
        0.07652108684780796
      ],
      "bucket_average_probabilities": [
        0.9049909114837646,
        0.915057361125946,
        0.9250483512878418,
        0.9350886344909668,
        0.9452449083328247,
        0.955203652381897,
        0.9652719497680664,
        0.9752846360206604,
        0.9855685830116272,
        0.998792827129364
      ],
      "lo": 0.9,
      "hi": 1.00000001
    }
  ],
  "positive_scores": {
    "ece": 0.4740890748576005,
    "bucket_frequencies": [
      23892.0,
      647.0,
      385.0,
      370.0,
      321.0,
      310.0,
      372.0,
      460.0,
      684.0,
      26639.0
    ],
    "bucket_accuracies": [
      1.0,
      1.0,
      1.0,
      1.0,
      1.0,
      1.0,
      1.0,
      1.0,
      1.0,
      1.0
    ],
    "bucket_average_probabilities": [
      0.003403251525014639,
      0.14526112377643585,
      0.24699385464191437,
      0.3477937579154968,
      0.4462363123893738,
      0.5502142310142517,
      0.6517115235328674,
      0.753232479095459,
      0.8542763590812683,
      0.9968518018722534
    ]
  }
}