{
  "runtime": 1.968423843383789,
  "ndcg": 0.34779155066620676,
  "diversity_score": 22942.616122251493,
  "pseudo_iou": 0.03940458579881657,
  "calibration_scores": {
    "ece": 0.002421306476610172,
    "bucket_frequencies": [
      66240729.0,
      13842.0,
      8798.0,
      6900.0,
      6285.0,
      6030.0,
      6508.0,
      7502.0,
      10891.0,
      117901.0
    ],
    "bucket_accuracies": [
      0.00039477222540832844,
      0.038072532870972405,
      0.040463741759490794,
      0.043188405797101447,
      0.044391408114558474,
      0.04195688225538972,
      0.045636140135218196,
      0.046654225539856035,
      0.04802130199247085,
      0.07624193179023078
    ],
    "bucket_average_probabilities": [
      2.9856604669475928e-05,
      0.14476239681243896,
      0.2478039264678955,
      0.3480869233608246,
      0.44974711537361145,
      0.5501319766044617,
      0.650663435459137,
      0.7520584464073181,
      0.8544570207595825,
      0.9891676306724548
    ]
  },
  "piecewise_scores": [
    {
      "ece": 0.0003814036619272718,
      "bucket_frequencies": [
        66195237.0,
        14192.0,
        7934.0,
        5499.0,
        4399.0,
        3603.0,
        2942.0,
        2653.0,
        2210.0,
        2060.0
      ],
      "bucket_accuracies": [
        0.00037052514820666024,
        0.03565388951521984,
        0.03629947063271994,
        0.037825059101654845,
        0.034325983177995,
        0.03164029975020816,
        0.037389530931339225,
        0.041085563513004145,
        0.03167420814479638,
        0.032524271844660196
      ],
      "bucket_average_probabilities": [
        3.3158742098748917e-06,
        0.014424421824514866,
        0.02461273781955242,
        0.03476078063249588,
        0.04481317847967148,
        0.05486607551574707,
        0.06486020982265472,
        0.07488449662923813,
        0.08487534523010254,
        0.09476340562105179
      ],
      "lo": 0,
      "hi": 0.1
    },
    {
      "ece": 0.22198017957675564,
      "bucket_frequencies": [
        6569.0,
        5126.0,
        4135.0,
        3537.0,
        3273.0,
        2935.0,
        2692.0,
        2537.0,
        2530.0,
        2491.0
      ],
      "bucket_accuracies": [
        0.03729639214492313,
        0.040967616074912214,
        0.03700120918984281,
        0.035623409669211195,
        0.04552398411243507,
        0.04395229982964225,
        0.03863298662704309,
        0.04808829325975562,
        0.04901185770750988,
        0.039341629867523084
      ],
      "bucket_average_probabilities": [
        0.11883348971605301,
        0.1591038703918457,
        0.19949978590011597,
        0.23957574367523193,
        0.27970829606056213,
        0.3194234371185303,
        0.3595273792743683,
        0.3999637961387634,
        0.44002091884613037,
        0.47978460788726807
      ],
      "lo": 0.1,
      "hi": 0.5
    },
    {
      "ece": 0.6814085383087783,
      "bucket_frequencies": [
        2410.0,
        2407.0,
        2483.0,
        2607.0,
        2631.0,
        2806.0,
        3019.0,
        3450.0,
        4052.0,
        5066.0
      ],
      "bucket_accuracies": [
        0.04439834024896266,
        0.03863730785209805,
        0.04269029399919452,
        0.04756425009589567,
        0.04561003420752566,
        0.04775481111903065,
        0.050016561775422325,
        0.042608695652173914,
        0.04639684106614018,
        0.04994078168180024
      ],
      "bucket_average_probabilities": [
        0.5200567841529846,
        0.5602318644523621,
        0.600162148475647,
        0.6404001712799072,
        0.6804533004760742,
        0.7202933430671692,
        0.7605018615722656,
        0.8004974722862244,
        0.8407384753227234,
        0.8808423280715942
      ],
      "lo": 0.5,
      "hi": 0.9
    },
    {
      "ece": 0.9129256700826566,
      "bucket_frequencies": [
        1455.0,
        1715.0,
        1862.0,
        2111.0,
        2381.0,
        2785.0,
        3526.0,
        4835.0,
        7899.0,
        89332.0
      ],
      "bucket_accuracies": [
        0.048109965635738834,
        0.05014577259475218,
        0.05477980665950591,
        0.052581714827096164,
        0.05543889122217556,
        0.04919210053859964,
        0.05246738513896767,
        0.05046535677352637,
        0.05861501455880491,
        0.08349751488828192
      ],
      "bucket_average_probabilities": [
        0.9051417112350464,
        0.9150320291519165,
        0.925180196762085,
        0.9351011514663696,
        0.9451191425323486,
        0.9550887942314148,
        0.9652102589607239,
        0.975227415561676,
        0.985458254814148,
        0.9988353848457336
      ],
      "lo": 0.9,
      "hi": 1.00000001
    }
  ],
  "positive_scores": {
    "ece": 0.5102681777860467,
    "bucket_frequencies": [
      26150.0,
      527.0,
      356.0,
      298.0,
      279.0,
      253.0,
      297.0,
      350.0,
      523.0,
      25047.0
    ],
    "bucket_accuracies": [
      1.0,
      1.0,
      1.0,
      1.0,
      1.0,
      1.0,
      1.0,
      1.0,
      1.0,
      1.0
    ],
    "bucket_average_probabilities": [
      0.002645261352881789,
      0.1441633552312851,
      0.2493320256471634,
      0.34823501110076904,
      0.44834282994270325,
      0.5495426058769226,
      0.6507794857025146,
      0.7500966191291809,
      0.8566775321960449,
      0.9972864389419556
    ]
  }
}