{
  "runtime": 1.9569017887115479,
  "ndcg": 0.3481975802510479,
  "diversity_score": 22704.467083489104,
  "pseudo_iou": 0.03888683431952663,
  "calibration_scores": {
    "ece": 0.002441736221807883,
    "bucket_frequencies": [
      66240434.0,
      14241.0,
      9083.0,
      7247.0,
      6291.0,
      6224.0,
      6598.0,
      7795.0,
      11313.0,
      118997.0
    ],
    "bucket_accuracies": [
      0.0003919207413405534,
      0.04002527912365705,
      0.036992183199383466,
      0.040706499241065265,
      0.044349070100143065,
      0.042416452442159386,
      0.049560472870566835,
      0.04605516356638871,
      0.04684875806594184,
      0.07841374152289554
    ],
    "bucket_average_probabilities": [
      3.1175357435131446e-05,
      0.1448662132024765,
      0.24790844321250916,
      0.3485402464866638,
      0.44925186038017273,
      0.550521969795227,
      0.6509795784950256,
      0.7515193819999695,
      0.8540155291557312,
      0.9889928102493286
    ]
  },
  "piecewise_scores": [
    {
      "ece": 0.0003776099836655413,
      "bucket_frequencies": [
        66192994.0,
        14860.0,
        8219.0,
        5863.0,
        4466.0,
        3736.0,
        3141.0,
        2598.0,
        2324.0,
        2233.0
      ],
      "bucket_accuracies": [
        0.00036698747906764877,
        0.03176312247644684,
        0.04124589366102932,
        0.03325942350332594,
        0.03493058665472459,
        0.03693790149892934,
        0.03183699458771092,
        0.03541185527328714,
        0.039586919104991396,
        0.0380653828929691
      ],
      "bucket_average_probabilities": [
        3.5090031360596186e-06,
        0.014386122114956379,
        0.024633653461933136,
        0.0348389632999897,
        0.04477623477578163,
        0.05483164265751839,
        0.06484430283308029,
        0.07491808384656906,
        0.08494718372821808,
        0.09482735395431519
      ],
      "lo": 0,
      "hi": 0.1
    },
    {
      "ece": 0.22209611227363468,
      "bucket_frequencies": [
        6792.0,
        5227.0,
        4232.0,
        3699.0,
        3374.0,
        3059.0,
        2826.0,
        2678.0,
        2538.0,
        2437.0
      ],
      "bucket_accuracies": [
        0.03842756183745583,
        0.04323703845418022,
        0.036625708884688093,
        0.03541497702081644,
        0.03941908713692946,
        0.04478587773782282,
        0.039631988676574664,
        0.039208364451082896,
        0.04531126871552404,
        0.043085761181780875
      ],
      "bucket_average_probabilities": [
        0.11888048052787781,
        0.15951114892959595,
        0.19938737154006958,
        0.2395535707473755,
        0.27969035506248474,
        0.3198862075805664,
        0.35973843932151794,
        0.3996548652648926,
        0.439802885055542,
        0.48028987646102905
      ],
      "lo": 0.1,
      "hi": 0.5
    },
    {
      "ece": 0.6815277997319168,
      "bucket_frequencies": [
        2440.0,
        2476.0,
        2597.0,
        2565.0,
        2744.0,
        2963.0,
        3138.0,
        3567.0,
        4243.0,
        5197.0
      ],
      "bucket_accuracies": [
        0.04672131147540984,
        0.03756058158319871,
        0.04851752021563342,
        0.04366471734892788,
        0.053206997084548104,
        0.04792440094498819,
        0.04716379859783301,
        0.04065040650406504,
        0.04265849634692435,
        0.052530305945737925
      ],
      "bucket_average_probabilities": [
        0.5196070075035095,
        0.5601865649223328,
        0.5999075174331665,
        0.6401398777961731,
        0.6803315877914429,
        0.7205658555030823,
        0.7599520087242126,
        0.8005067706108093,
        0.8406306505203247,
        0.8808161616325378
      ],
      "lo": 0.5,
      "hi": 0.9
    },
    {
      "ece": 0.9105789955841803,
      "bucket_frequencies": [
        1524.0,
        1711.0,
        1894.0,
        2089.0,
        2412.0,
        3003.0,
        3624.0,
        5053.0,
        8274.0,
        89413.0
      ],
      "bucket_accuracies": [
        0.05183727034120735,
        0.05902980713033314,
        0.049102428722280884,
        0.044997606510292006,
        0.054311774461028195,
        0.05827505827505827,
        0.06070640176600441,
        0.054225212744904015,
        0.05958423978728547,
        0.0857928936508114
      ],
      "bucket_average_probabilities": [
        0.9051939845085144,
        0.9150817394256592,
        0.9251651167869568,
        0.9352129101753235,
        0.9451141953468323,
        0.9551700949668884,
        0.9652425646781921,
        0.9753202795982361,
        0.9854987859725952,
        0.9988221526145935
      ],
      "lo": 0.9,
      "hi": 1.00000001
    }
  ],
  "positive_scores": {
    "ece": 0.507485572840224,
    "bucket_frequencies": [
      25961.0,
      570.0,
      336.0,
      295.0,
      279.0,
      264.0,
      327.0,
      359.0,
      530.0,
      25159.0
    ],
    "bucket_accuracies": [
      1.0,
      1.0,
      1.0,
      1.0,
      1.0,
      1.0,
      1.0,
      1.0,
      1.0,
      1.0
    ],
    "bucket_average_probabilities": [
      0.002802179427817464,
      0.14600682258605957,
      0.24939250946044922,
      0.34565791487693787,
      0.4490715265274048,
      0.5487658977508545,
      0.6519066095352173,
      0.7499685287475586,
      0.8570991158485413,
      0.9971224665641785
    ]
  }
}