{
  "runtime": 1.9194486141204834,
  "ndcg": 0.2641719234173251,
  "diversity_score": 12105.612934204031,
  "pseudo_iou": 0.019508136094674555,
  "calibration_scores": {
    "ece": 0.0019329413182698557,
    "bucket_frequencies": [
      66053918.0,
      6237.0,
      4168.0,
      3393.0,
      3095.0,
      3061.0,
      3425.0,
      4065.0,
      6045.0,
      94287.0
    ],
    "bucket_accuracies": [
      0.000338511335542579,
      0.02565335898669232,
      0.024232245681381957,
      0.03094606542882405,
      0.029079159935379646,
      0.024501796798431886,
      0.02832116788321168,
      0.028044280442804426,
      0.024317617866004962,
      0.030502614358289052
    ],
    "bucket_average_probabilities": [
      1.2752670045301784e-05,
      0.14527730643749237,
      0.24725569784641266,
      0.34794124960899353,
      0.449552983045578,
      0.5499659776687622,
      0.6502987146377563,
      0.7527416944503784,
      0.8543480038642883,
      0.9919602870941162
    ]
  },
  "piecewise_scores": [
    {
      "ece": 0.000336366867810794,
      "bucket_frequencies": [
        66034753.0,
        5598.0,
        3344.0,
        2461.0,
        1841.0,
        1580.0,
        1315.0,
        1140.0,
        980.0,
        906.0
      ],
      "bucket_accuracies": [
        0.0003317949868003595,
        0.02197213290460879,
        0.02332535885167464,
        0.022348638764729784,
        0.022813688212927757,
        0.02088607594936709,
        0.02585551330798479,
        0.03333333333333333,
        0.024489795918367346,
        0.025386313465783666
      ],
      "bucket_average_probabilities": [
        1.2712669104075758e-06,
        0.014480088837444782,
        0.024672234430909157,
        0.03475935384631157,
        0.044811367988586426,
        0.055017486214637756,
        0.06487928330898285,
        0.0748373344540596,
        0.08505260199308395,
        0.09481500089168549
      ],
      "lo": 0,
      "hi": 0.1
    },
    {
      "ece": 0.23989745024881673,
      "bucket_frequencies": [
        2962.0,
        2254.0,
        1958.0,
        1714.0,
        1517.0,
        1417.0,
        1355.0,
        1251.0,
        1243.0,
        1222.0
      ],
      "bucket_accuracies": [
        0.027683997299122215,
        0.02839396628216504,
        0.020429009193054137,
        0.022170361726954493,
        0.024390243902439025,
        0.032462949894142556,
        0.028782287822878228,
        0.037569944044764186,
        0.030571198712791632,
        0.020458265139116204
      ],
      "bucket_average_probabilities": [
        0.11914180219173431,
        0.15934443473815918,
        0.19960962235927582,
        0.23899853229522705,
        0.2795761525630951,
        0.3191353380680084,
        0.35891443490982056,
        0.4000331461429596,
        0.4398130476474762,
        0.4797530174255371
      ],
      "lo": 0.1,
      "hi": 0.5
    },
    {
      "ece": 0.7051185705908007,
      "bucket_frequencies": [
        1227.0,
        1223.0,
        1276.0,
        1388.0,
        1372.0,
        1487.0,
        1641.0,
        1959.0,
        2184.0,
        2839.0
      ],
      "bucket_accuracies": [
        0.020374898125509373,
        0.03025347506132461,
        0.022727272727272728,
        0.027377521613832854,
        0.03134110787172012,
        0.03564223268325487,
        0.02254722730042657,
        0.026544155181214904,
        0.02197802197802198,
        0.02500880591757661
      ],
      "bucket_average_probabilities": [
        0.520201563835144,
        0.5600005388259888,
        0.6003257036209106,
        0.6399280428886414,
        0.6802589297294617,
        0.7203105092048645,
        0.7606896758079529,
        0.8006495833396912,
        0.8404752612113953,
        0.8809316158294678
      ],
      "lo": 0.5,
      "hi": 0.9
    },
    {
      "ece": 0.9614576593497999,
      "bucket_frequencies": [
        860.0,
        950.0,
        1028.0,
        1218.0,
        1405.0,
        1649.0,
        2143.0,
        3020.0,
        4879.0,
        77135.0
      ],
      "bucket_accuracies": [
        0.027906976744186046,
        0.031578947368421054,
        0.030155642023346304,
        0.028735632183908046,
        0.03701067615658363,
        0.02607640994542147,
        0.03079794680354643,
        0.026158940397350994,
        0.026439844230375077,
        0.0309457444739742
      ],
      "bucket_average_probabilities": [
        0.9051297903060913,
        0.9151557087898254,
        0.9251328706741333,
        0.9350183010101318,
        0.9450837969779968,
        0.9551478624343872,
        0.9651839137077332,
        0.9753456711769104,
        0.9855854511260986,
        0.9991025328636169
      ],
      "lo": 0.9,
      "hi": 1.00000001
    }
  ],
  "positive_scores": {
    "ece": 0.42180870782030117,
    "bucket_frequencies": [
      22360.0,
      160.0,
      101.0,
      105.0,
      90.0,
      75.0,
      97.0,
      114.0,
      147.0,
      30831.0
    ],
    "bucket_accuracies": [
      1.0,
      1.0,
      1.0,
      1.0,
      1.0,
      1.0,
      1.0,
      1.0,
      1.0,
      1.0
    ],
    "bucket_average_probabilities": [
      0.0009133489802479744,
      0.14133889973163605,
      0.24486152827739716,
      0.3479383587837219,
      0.4418591856956482,
      0.5511612892150879,
      0.6538771390914917,
      0.7483325600624084,
      0.8545482158660889,
      0.9992807507514954
    ]
  }
}