{
  "runtime": 1.8877999782562256,
  "ndcg": 0.34588396911773767,
  "diversity_score": 21393.181805796445,
  "pseudo_iou": 0.03650147928994083,
  "calibration_scores": {
    "ece": 0.002418590926881574,
    "bucket_frequencies": [
      66223690.0,
      12359.0,
      8077.0,
      6177.0,
      5662.0,
      5451.0,
      5830.0,
      6909.0,
      10067.0,
      120232.0
    ],
    "bucket_accuracies": [
      0.0003758926752646976,
      0.03924265717291043,
      0.040113903677107834,
      0.037720576331552534,
      0.04044507241257506,
      0.04659695468721336,
      0.04099485420240137,
      0.051961210015921265,
      0.046289857951723454,
      0.06693725464102734
    ],
    "bucket_average_probabilities": [
      2.6050898668472655e-05,
      0.1443907767534256,
      0.2473096400499344,
      0.34902486205101013,
      0.44935983419418335,
      0.5500192046165466,
      0.6508786678314209,
      0.7521723508834839,
      0.8547347187995911,
      0.9897364974021912
    ]
  },
  "piecewise_scores": [
    {
      "ece": 0.00036436704042337454,
      "bucket_frequencies": [
        66184139.0,
        12234.0,
        6877.0,
        4786.0,
        3796.0,
        3136.0,
        2595.0,
        2254.0,
        1987.0,
        1886.0
      ],
      "bucket_accuracies": [
        0.0003554174815207613,
        0.03572012424391041,
        0.03213610586011342,
        0.03238612620142081,
        0.038461538461538464,
        0.030293367346938774,
        0.03815028901734104,
        0.03904170363797693,
        0.03724207347760443,
        0.02916224814422057
      ],
      "bucket_average_probabilities": [
        2.823817794705974e-06,
        0.014391612261533737,
        0.024614199995994568,
        0.03476354479789734,
        0.04475400596857071,
        0.054810479283332825,
        0.06485194712877274,
        0.07488102465867996,
        0.08493241667747498,
        0.09489776194095612
      ],
      "lo": 0,
      "hi": 0.1
    },
    {
      "ece": 0.2234313769134138,
      "bucket_frequencies": [
        5981.0,
        4481.0,
        3788.0,
        3255.0,
        2931.0,
        2564.0,
        2423.0,
        2379.0,
        2225.0,
        2248.0
      ],
      "bucket_accuracies": [
        0.039123892325698045,
        0.03682213791564383,
        0.04514255543822598,
        0.03870967741935484,
        0.03855339474582054,
        0.039781591263650544,
        0.03838217086256707,
        0.03362757461118117,
        0.04359550561797753,
        0.0400355871886121
      ],
      "bucket_average_probabilities": [
        0.11896895617246628,
        0.15907448530197144,
        0.19984643161296844,
        0.23976083099842072,
        0.2798497974872589,
        0.3196814954280853,
        0.3598479628562927,
        0.40000882744789124,
        0.43993064761161804,
        0.4796087145805359
      ],
      "lo": 0.1,
      "hi": 0.5
    },
    {
      "ece": 0.6821725615739747,
      "bucket_frequencies": [
        2163.0,
        2207.0,
        2193.0,
        2291.0,
        2427.0,
        2553.0,
        2861.0,
        3074.0,
        3778.0,
        4710.0
      ],
      "bucket_accuracies": [
        0.048081368469717986,
        0.04576347983688265,
        0.044231646146830825,
        0.04233958969882148,
        0.03873094355170993,
        0.05131218174696436,
        0.054875917511359666,
        0.04749512036434613,
        0.04552673372154579,
        0.0464968152866242
      ],
      "bucket_average_probabilities": [
        0.5200445055961609,
        0.5597934126853943,
        0.6003670692443848,
        0.6397812962532043,
        0.6798982620239258,
        0.7205170392990112,
        0.7605209350585938,
        0.800472617149353,
        0.8406938910484314,
        0.8809443712234497
      ],
      "lo": 0.5,
      "hi": 0.9
    },
    {
      "ece": 0.9227993195077459,
      "bucket_frequencies": [
        1477.0,
        1627.0,
        1771.0,
        1931.0,
        2354.0,
        2743.0,
        3430.0,
        4653.0,
        7611.0,
        92635.0
      ],
      "bucket_accuracies": [
        0.040622884224779957,
        0.04671173939766441,
        0.050818746470920384,
        0.05282237182806836,
        0.04800339847068819,
        0.048487057965730954,
        0.04956268221574344,
        0.052439286481839674,
        0.05386939955327815,
        0.07178712149835376
      ],
      "bucket_average_probabilities": [
        0.9050506353378296,
        0.9151690006256104,
        0.9251056909561157,
        0.9351754188537598,
        0.9450896978378296,
        0.9551178812980652,
        0.9652806520462036,
        0.9753999710083008,
        0.9855366349220276,
        0.9988998174667358
      ],
      "lo": 0.9,
      "hi": 1.00000001
    }
  ],
  "positive_scores": {
    "ece": 0.48422875643118674,
    "bucket_frequencies": [
      24893.0,
      485.0,
      324.0,
      233.0,
      229.0,
      254.0,
      239.0,
      359.0,
      466.0,
      26598.0
    ],
    "bucket_accuracies": [
      1.0,
      1.0,
      1.0,
      1.0,
      1.0,
      1.0,
      1.0,
      1.0,
      1.0,
      1.0
    ],
    "bucket_average_probabilities": [
      0.002375370357185602,
      0.14501750469207764,
      0.24571503698825836,
      0.3478257656097412,
      0.45085451006889343,
      0.550072968006134,
      0.6499220132827759,
      0.7513559460639954,
      0.8539931774139404,
      0.997698962688446
    ]
  }
}