{
  "runtime": 1.916508674621582,
  "ndcg": 0.321592061532106,
  "diversity_score": 17854.815464939875,
  "pseudo_iou": 0.029881656804733727,
  "calibration_scores": {
    "ece": 0.0023471329091639985,
    "bucket_frequencies": [
      66155729.0,
      9561.0,
      6178.0,
      5057.0,
      4450.0,
      4542.0,
      4733.0,
      5821.0,
      8573.0,
      118892.0
    ],
    "bucket_accuracies": [
      0.00033932057494219433,
      0.0335738939441481,
      0.033344124312075105,
      0.03144156614593632,
      0.036853932584269666,
      0.03258476442095993,
      0.035918022395943376,
      0.0348737330355609,
      0.03930945993234573,
      0.04692494028193655
    ],
    "bucket_average_probabilities": [
      1.9609356968430802e-05,
      0.14494532346725464,
      0.24782757461071014,
      0.3488953113555908,
      0.4498341381549835,
      0.5502643585205078,
      0.6510677933692932,
      0.7519413828849792,
      0.8547860383987427,
      0.9911302924156189
    ]
  },
  "piecewise_scores": [
    {
      "ece": 0.00033297851228142577,
      "bucket_frequencies": [
        66125956.0,
        8957.0,
        5287.0,
        3712.0,
        2925.0,
        2285.0,
        1966.0,
        1710.0,
        1535.0,
        1396.0
      ],
      "bucket_accuracies": [
        0.00032574198246752004,
        0.03137211119794574,
        0.030641195384906374,
        0.026670258620689655,
        0.029743589743589743,
        0.030634573304157548,
        0.03153611393692777,
        0.029239766081871343,
        0.02736156351791531,
        0.03939828080229226
      ],
      "bucket_average_probabilities": [
        2.0283678168198094e-06,
        0.014442945830523968,
        0.024574078619480133,
        0.034803275018930435,
        0.044824324548244476,
        0.05478439852595329,
        0.06490583717823029,
        0.0749090239405632,
        0.08480270206928253,
        0.09491252899169922
      ],
      "lo": 0,
      "hi": 0.1
    },
    {
      "ece": 0.23104754037600844,
      "bucket_frequencies": [
        4518.0,
        3545.0,
        2847.0,
        2574.0,
        2255.0,
        2090.0,
        2003.0,
        1856.0,
        1828.0,
        1730.0
      ],
      "bucket_accuracies": [
        0.035413899955732624,
        0.03215796897038082,
        0.0319634703196347,
        0.03341103341103341,
        0.03370288248337029,
        0.03110047846889952,
        0.03344982526210684,
        0.029094827586206896,
        0.04212253829321663,
        0.03468208092485549
      ],
      "bucket_average_probabilities": [
        0.11888068169355392,
        0.15925216674804688,
        0.1992071568965912,
        0.239804208278656,
        0.2797561287879944,
        0.31948211789131165,
        0.3597732186317444,
        0.39963939785957336,
        0.44034627079963684,
        0.48040369153022766
      ],
      "lo": 0.1,
      "hi": 0.5
    },
    {
      "ece": 0.6940696992052791,
      "bucket_frequencies": [
        1831.0,
        1772.0,
        1863.0,
        1807.0,
        2002.0,
        2190.0,
        2323.0,
        2703.0,
        3141.0,
        4037.0
      ],
      "bucket_accuracies": [
        0.02894593118514473,
        0.034424379232505645,
        0.037037037037037035,
        0.033757609297177645,
        0.03696303696303696,
        0.036986301369863014,
        0.034438226431338786,
        0.03699593044765076,
        0.04043298312639287,
        0.037651721575427295
      ],
      "bucket_average_probabilities": [
        0.5202680230140686,
        0.5602251887321472,
        0.5998724102973938,
        0.6401631236076355,
        0.6798890829086304,
        0.7201132774353027,
        0.7604334950447083,
        0.8005271553993225,
        0.8408243060112,
        0.8810358643531799
      ],
      "lo": 0.5,
      "hi": 0.9
    },
    {
      "ece": 0.9442053880272172,
      "bucket_frequencies": [
        1226.0,
        1332.0,
        1496.0,
        1731.0,
        1905.0,
        2248.0,
        2925.0,
        4092.0,
        6795.0,
        95142.0
      ],
      "bucket_accuracies": [
        0.0432300163132137,
        0.028528528528528527,
        0.046122994652406414,
        0.036395147313691506,
        0.049868766404199474,
        0.03870106761565836,
        0.03658119658119658,
        0.047653958944281524,
        0.04002943340691685,
        0.04834878392297828
      ],
      "bucket_average_probabilities": [
        0.9051319360733032,
        0.915069043636322,
        0.9250432848930359,
        0.935106098651886,
        0.9451614618301392,
        0.9551537036895752,
        0.9651766419410706,
        0.9752507209777832,
        0.9855159521102905,
        0.999014139175415
      ],
      "lo": 0.9,
      "hi": 1.00000001
    }
  ],
  "positive_scores": {
    "ece": 0.4308515281621408,
    "bucket_frequencies": [
      22448.0,
      321.0,
      206.0,
      159.0,
      164.0,
      148.0,
      170.0,
      203.0,
      337.0,
      29924.0
    ],
    "bucket_accuracies": [
      1.0,
      1.0,
      1.0,
      1.0,
      1.0,
      1.0,
      1.0,
      1.0,
      1.0,
      1.0
    ],
    "bucket_average_probabilities": [
      0.0017464811680838466,
      0.1438951939344406,
      0.24862928688526154,
      0.34829938411712646,
      0.4482809007167816,
      0.5529187917709351,
      0.6517968773841858,
      0.7499446868896484,
      0.8545870780944824,
      0.998568594455719
    ]
  }
}