{
  "runtime": 1.9492745399475098,
  "ndcg": 0.3404928479736013,
  "diversity_score": 19834.441089383392,
  "pseudo_iou": 0.03356139053254438,
  "calibration_scores": {
    "ece": 0.002404223215773989,
    "bucket_frequencies": [
      66199398.0,
      11082.0,
      7186.0,
      5663.0,
      5229.0,
      5027.0,
      5319.0,
      6286.0,
      9620.0,
      120756.0
    ],
    "bucket_accuracies": [
      0.00035823588607255917,
      0.03600433134813211,
      0.035346507097133315,
      0.035670139502030726,
      0.039586919104991396,
      0.0395862343345932,
      0.04324121075390111,
      0.03913458479160038,
      0.04074844074844075,
      0.05772798039020836
    ],
    "bucket_average_probabilities": [
      2.2826936401543207e-05,
      0.14490707218647003,
      0.24726668000221252,
      0.34849250316619873,
      0.44967564940452576,
      0.5500749945640564,
      0.651581346988678,
      0.7521573901176453,
      0.854117214679718,
      0.9903819561004639
    ]
  },
  "piecewise_scores": [
    {
      "ece": 0.0003480422990797462,
      "bucket_frequencies": [
        66164742.0,
        10431.0,
        6142.0,
        4327.0,
        3351.0,
        2827.0,
        2273.0,
        1965.0,
        1769.0,
        1571.0
      ],
      "bucket_accuracies": [
        0.0003411333486345341,
        0.030294315022529,
        0.03158580267014002,
        0.035359371388953086,
        0.031632348552670844,
        0.0314821365405023,
        0.04179498460184778,
        0.0371501272264631,
        0.033917467495760314,
        0.036919159770846595
      ],
      "bucket_average_probabilities": [
        2.4308619686053135e-06,
        0.014360916800796986,
        0.024605093523859978,
        0.0347147062420845,
        0.04481307044625282,
        0.05482567101716995,
        0.06491488218307495,
        0.07490667700767517,
        0.08487726002931595,
        0.09491405636072159
      ],
      "lo": 0,
      "hi": 0.1
    },
    {
      "ece": 0.22790074389586315,
      "bucket_frequencies": [
        5262.0,
        4060.0,
        3418.0,
        2933.0,
        2595.0,
        2406.0,
        2165.0,
        2178.0,
        2081.0,
        2062.0
      ],
      "bucket_accuracies": [
        0.03515773470163436,
        0.037684729064039406,
        0.03481568168519602,
        0.036481418342993524,
        0.034296724470134876,
        0.03740648379052369,
        0.03233256351039261,
        0.0371900826446281,
        0.03940413262854397,
        0.041707080504364696
      ],
      "bucket_average_probabilities": [
        0.11879044771194458,
        0.1592070758342743,
        0.1996125429868698,
        0.24003000557422638,
        0.27937522530555725,
        0.31966763734817505,
        0.3597874343395233,
        0.3997851014137268,
        0.4400392472743988,
        0.4802878201007843
      ],
      "lo": 0.1,
      "hi": 0.5
    },
    {
      "ece": 0.6898010770290631,
      "bucket_frequencies": [
        1986.0,
        2041.0,
        1984.0,
        2108.0,
        2227.0,
        2349.0,
        2534.0,
        3001.0,
        3599.0,
        4423.0
      ],
      "bucket_accuracies": [
        0.04078549848942598,
        0.041156295933366,
        0.03578629032258065,
        0.05265654648956357,
        0.03682083520431073,
        0.03065134099616858,
        0.04617205998421468,
        0.04231922692435855,
        0.038899694359544316,
        0.04114854171376894
      ],
      "bucket_average_probabilities": [
        0.5194607973098755,
        0.560340166091919,
        0.5998306274414062,
        0.640762448310852,
        0.6802395582199097,
        0.7208477258682251,
        0.7601763606071472,
        0.8007820844650269,
        0.8406306505203247,
        0.8809710144996643
      ],
      "lo": 0.5,
      "hi": 0.9
    },
    {
      "ece": 0.9326539740512803,
      "bucket_frequencies": [
        1362.0,
        1545.0,
        1610.0,
        1950.0,
        2133.0,
        2532.0,
        3229.0,
        4369.0,
        7226.0,
        94800.0
      ],
      "bucket_accuracies": [
        0.03524229074889868,
        0.040776699029126215,
        0.04596273291925466,
        0.04923076923076923,
        0.03984997655883732,
        0.04186413902053712,
        0.049241251161350266,
        0.04440375371938659,
        0.042623858289510104,
        0.06158227848101266
      ],
      "bucket_average_probabilities": [
        0.9050250053405762,
        0.9150094985961914,
        0.9251088500022888,
        0.9350557923316956,
        0.9451115727424622,
        0.9552409052848816,
        0.9651621580123901,
        0.9753286838531494,
        0.9855512380599976,
        0.9989613890647888
      ],
      "lo": 0.9,
      "hi": 1.00000001
    }
  ],
  "positive_scores": {
    "ece": 0.4582044622264608,
    "bucket_frequencies": [
      23715.0,
      399.0,
      254.0,
      202.0,
      207.0,
      199.0,
      230.0,
      246.0,
      392.0,
      28236.0
    ],
    "bucket_accuracies": [
      1.0,
      1.0,
      1.0,
      1.0,
      1.0,
      1.0,
      1.0,
      1.0,
      1.0,
      1.0
    ],
    "bucket_average_probabilities": [
      0.0021611496340483427,
      0.1446111798286438,
      0.2479916214942932,
      0.3486958146095276,
      0.45122602581977844,
      0.5485714673995972,
      0.6494459509849548,
      0.7556384205818176,
      0.8538349866867065,
      0.998207688331604
    ]
  }
}