{
  "runtime": 1.9316790103912354,
  "ndcg": 0.34817558231078266,
  "diversity_score": 22513.588682709847,
  "pseudo_iou": 0.038627958579881654,
  "calibration_scores": {
    "ece": 0.0024178156385974343,
    "bucket_frequencies": [
      66240450.0,
      13605.0,
      8673.0,
      6877.0,
      6106.0,
      5826.0,
      6300.0,
      7454.0,
      10631.0,
      118059.0
    ],
    "bucket_accuracies": [
      0.00039497014286587724,
      0.04042631385520029,
      0.03747261616511011,
      0.042460375163588776,
      0.040288241074353096,
      0.040679711637487126,
      0.045396825396825394,
      0.049637778374027365,
      0.05032452262251905,
      0.0748269932830195
    ],
    "bucket_average_probabilities": [
      2.8956394089618698e-05,
      0.14482039213180542,
      0.24754324555397034,
      0.3486238420009613,
      0.44924217462539673,
      0.54986572265625,
      0.6501708030700684,
      0.7516176700592041,
      0.854532778263092,
      0.9892219305038452
    ]
  },
  "piecewise_scores": [
    {
      "ece": 0.0003799977449059267,
      "bucket_frequencies": [
        66196240.0,
        13697.0,
        7927.0,
        5394.0,
        4158.0,
        3476.0,
        2910.0,
        2470.0,
        2183.0,
        1995.0
      ],
      "bucket_accuracies": [
        0.000370806559405791,
        0.033364970431481344,
        0.03683612968336067,
        0.03819058212829069,
        0.03294853294853295,
        0.03855005753739931,
        0.042268041237113405,
        0.041700404858299595,
        0.04306000916170408,
        0.03558897243107769
      ],
      "bucket_average_probabilities": [
        3.215862307115458e-06,
        0.014410445466637611,
        0.02462577261030674,
        0.03475430980324745,
        0.044790707528591156,
        0.05479635298252106,
        0.06492403149604797,
        0.07480644434690475,
        0.0850171372294426,
        0.09481082111597061
      ],
      "lo": 0,
      "hi": 0.1
    },
    {
      "ece": 0.22247761111744635,
      "bucket_frequencies": [
        6505.0,
        4983.0,
        4034.0,
        3640.0,
        3116.0,
        2938.0,
        2618.0,
        2538.0,
        2519.0,
        2370.0
      ],
      "bucket_accuracies": [
        0.03966179861644888,
        0.040939193257074055,
        0.0384234010907288,
        0.03956043956043956,
        0.036585365853658534,
        0.04186521443158611,
        0.04354469060351413,
        0.04531126871552404,
        0.037316395394998016,
        0.038818565400843885
      ],
      "bucket_average_probabilities": [
        0.11886698752641678,
        0.1594342142343521,
        0.19946804642677307,
        0.23960964381694794,
        0.28007078170776367,
        0.31996801495552063,
        0.3598484396934509,
        0.3995060920715332,
        0.43970462679862976,
        0.4796823561191559
      ],
      "lo": 0.1,
      "hi": 0.5
    },
    {
      "ece": 0.6805034513321357,
      "bucket_frequencies": [
        2360.0,
        2261.0,
        2518.0,
        2437.0,
        2550.0,
        2847.0,
        2972.0,
        3383.0,
        3916.0,
        4967.0
      ],
      "bucket_accuracies": [
        0.042796610169491524,
        0.04201680672268908,
        0.04249404289118348,
        0.044727123512515385,
        0.04352941176470588,
        0.0502283105022831,
        0.048115746971736206,
        0.05320721253325451,
        0.05056179775280899,
        0.04852023354137306
      ],
      "bucket_average_probabilities": [
        0.5197522044181824,
        0.5598605871200562,
        0.6005206108093262,
        0.6404100060462952,
        0.6801348924636841,
        0.7201796770095825,
        0.7605686783790588,
        0.8005005121231079,
        0.841039776802063,
        0.8807588219642639
      ],
      "lo": 0.5,
      "hi": 0.9
    },
    {
      "ece": 0.9143949931020419,
      "bucket_frequencies": [
        1428.0,
        1713.0,
        1777.0,
        2095.0,
        2337.0,
        2894.0,
        3663.0,
        4859.0,
        7921.0,
        89372.0
      ],
      "bucket_accuracies": [
        0.04971988795518207,
        0.05312317571511967,
        0.062464828362408555,
        0.05346062052505966,
        0.055198973042362,
        0.05459571527297857,
        0.0546000546000546,
        0.05392055978596419,
        0.05920969574548668,
        0.08090900953318712
      ],
      "bucket_average_probabilities": [
        0.9052113890647888,
        0.9150744080543518,
        0.9250816702842712,
        0.9350599646568298,
        0.945107102394104,
        0.9551441073417664,
        0.9652441740036011,
        0.9753835797309875,
        0.985548734664917,
        0.9988481998443604
      ],
      "lo": 0.9,
      "hi": 1.00000001
    }
  ],
  "positive_scores": {
    "ece": 0.5100138912739319,
    "bucket_frequencies": [
      26163.0,
      550.0,
      325.0,
      292.0,
      246.0,
      237.0,
      286.0,
      370.0,
      535.0,
      25076.0
    ],
    "bucket_accuracies": [
      1.0,
      1.0,
      1.0,
      1.0,
      1.0,
      1.0,
      1.0,
      1.0,
      1.0,
      1.0
    ],
    "bucket_average_probabilities": [
      0.0027310040313750505,
      0.1452202945947647,
      0.24748769402503967,
      0.34778180718421936,
      0.44771453738212585,
      0.547383725643158,
      0.6489203572273254,
      0.7520743608474731,
      0.8531079888343811,
      0.9971686601638794
    ]
  }
}