{
  "runtime": 1.9582228660583496,
  "ndcg": 0.3466766555608838,
  "diversity_score": 22445.455841830848,
  "pseudo_iou": 0.038424556213017755,
  "calibration_scores": {
    "ece": 0.0024175403737395247,
    "bucket_frequencies": [
      66239650.0,
      13811.0,
      8812.0,
      6744.0,
      6187.0,
      5934.0,
      6434.0,
      7426.0,
      10692.0,
      117968.0
    ],
    "bucket_accuracies": [
      0.0003938124673062131,
      0.03794077184852654,
      0.04096686336813436,
      0.046708185053380785,
      0.03814449652497171,
      0.04617458712504213,
      0.04693814112527199,
      0.04726636143280366,
      0.046763935652824544,
      0.07569001763190017
    ],
    "bucket_average_probabilities": [
      2.8976030080229975e-05,
      0.1447313278913498,
      0.24828076362609863,
      0.3491343855857849,
      0.44977521896362305,
      0.5495380759239197,
      0.6510410904884338,
      0.7518728971481323,
      0.8547148704528809,
      0.9893479943275452
    ]
  },
  "piecewise_scores": [
    {
      "ece": 0.00037961927482983634,
      "bucket_frequencies": [
        66195494.0,
        13607.0,
        7771.0,
        5547.0,
        4224.0,
        3436.0,
        2918.0,
        2504.0,
        2191.0,
        1958.0
      ],
      "bucket_accuracies": [
        0.0003706294570443118,
        0.03373263761299331,
        0.0338437781495303,
        0.0335316387236344,
        0.03740530303030303,
        0.037543655413271246,
        0.03598355037697053,
        0.03793929712460064,
        0.03514376996805112,
        0.04085801838610827
      ],
      "bucket_average_probabilities": [
        3.210221393601387e-06,
        0.014411610551178455,
        0.024598531424999237,
        0.034760214388370514,
        0.044809408485889435,
        0.05485377460718155,
        0.064897820353508,
        0.07493608444929123,
        0.08496110886335373,
        0.09493108093738556
      ],
      "lo": 0,
      "hi": 0.1
    },
    {
      "ece": 0.22186128334331653,
      "bucket_frequencies": [
        6611.0,
        5104.0,
        3994.0,
        3604.0,
        3310.0,
        2791.0,
        2662.0,
        2526.0,
        2491.0,
        2461.0
      ],
      "bucket_accuracies": [
        0.038420813795189836,
        0.03683385579937304,
        0.04031046569854782,
        0.04134295227524972,
        0.04018126888217523,
        0.04621999283410964,
        0.04770848985725019,
        0.0447347585114806,
        0.03492573263749498,
        0.03860219422998781
      ],
      "bucket_average_probabilities": [
        0.11898668110370636,
        0.15953288972377777,
        0.19929802417755127,
        0.2396399825811386,
        0.27981841564178467,
        0.32001736760139465,
        0.3599035441875458,
        0.3997669219970703,
        0.43958592414855957,
        0.4799959361553192
      ],
      "lo": 0.1,
      "hi": 0.5
    },
    {
      "ece": 0.6804689280217083,
      "bucket_frequencies": [
        2430.0,
        2327.0,
        2350.0,
        2626.0,
        2635.0,
        2786.0,
        3007.0,
        3394.0,
        3909.0,
        5022.0
      ],
      "bucket_accuracies": [
        0.04156378600823045,
        0.04941985388912763,
        0.05191489361702128,
        0.04455445544554455,
        0.045920303605313094,
        0.04594400574300072,
        0.04489524442966412,
        0.04684737772539776,
        0.047582501918649274,
        0.04838709677419355
      ],
      "bucket_average_probabilities": [
        0.5198622941970825,
        0.5599870085716248,
        0.6000993251800537,
        0.6402848958969116,
        0.6799926161766052,
        0.7203221321105957,
        0.760251522064209,
        0.800540030002594,
        0.8408769369125366,
        0.8811437487602234
      ],
      "lo": 0.5,
      "hi": 0.9
    },
    {
      "ece": 0.9136579080847206,
      "bucket_frequencies": [
        1476.0,
        1640.0,
        1736.0,
        2001.0,
        2341.0,
        2836.0,
        3636.0,
        4874.0,
        7808.0,
        89620.0
      ],
      "bucket_accuracies": [
        0.05013550135501355,
        0.05304878048780488,
        0.055299539170506916,
        0.05847076461769116,
        0.05852199914566424,
        0.0465444287729196,
        0.05583058305830583,
        0.05867870332375872,
        0.055327868852459015,
        0.08218031689355054
      ],
      "bucket_average_probabilities": [
        0.9050747752189636,
        0.9149993062019348,
        0.9249910116195679,
        0.935164749622345,
        0.9451789855957031,
        0.9551634192466736,
        0.9652950763702393,
        0.9753326773643494,
        0.985558032989502,
        0.9988566040992737
      ],
      "lo": 0.9,
      "hi": 1.00000001
    }
  ],
  "positive_scores": {
    "ece": 0.5090464485856306,
    "bucket_frequencies": [
      26086.0,
      524.0,
      361.0,
      315.0,
      236.0,
      274.0,
      302.0,
      351.0,
      500.0,
      25131.0
    ],
    "bucket_accuracies": [
      1.0,
      1.0,
      1.0,
      1.0,
      1.0,
      1.0,
      1.0,
      1.0,
      1.0,
      1.0
    ],
    "bucket_average_probabilities": [
      0.0026185770984739065,
      0.14523233473300934,
      0.24773067235946655,
      0.3485754728317261,
      0.44807323813438416,
      0.5511150360107422,
      0.6501522660255432,
      0.7530162930488586,
      0.8558942675590515,
      0.9972453713417053
    ]
  }
}