{
  "runtime": 1.9474244117736816,
  "ndcg": 0.3130893670390136,
  "diversity_score": 24651.34623662569,
  "pseudo_iou": 0.042548076923076925,
  "calibration_scores": {
    "ece": 0.0012331151871082288,
    "bucket_frequencies": [
      66393133.0,
      11914.0,
      7144.0,
      5392.0,
      4533.0,
      4135.0,
      4424.0,
      4928.0,
      6337.0,
      40217.0
    ],
    "bucket_accuracies": [
      0.000559877178864266,
      0.08720832633876112,
      0.09112541993281074,
      0.09421364985163205,
      0.10434590778733731,
      0.09842805320435308,
      0.1035262206148282,
      0.11079545454545454,
      0.11772131923623165,
      0.23800880224780566
    ],
    "bucket_average_probabilities": [
      3.0106230042292736e-05,
      0.14396469295024872,
      0.24674007296562195,
      0.3476381301879883,
      0.44947636127471924,
      0.5502954721450806,
      0.650286853313446,
      0.7517949938774109,
      0.8534318208694458,
      0.9834590554237366
    ]
  },
  "piecewise_scores": [
    {
      "ece": 0.0005313506090975775,
      "bucket_frequencies": [
        66346643.0,
        15622.0,
        8344.0,
        5736.0,
        4337.0,
        3313.0,
        2879.0,
        2332.0,
        2119.0,
        1808.0
      ],
      "bucket_accuracies": [
        0.0005146906980659141,
        0.05940340545384714,
        0.06543624161073826,
        0.05892608089260809,
        0.06778879409730228,
        0.06851795955327497,
        0.07155262243834665,
        0.0797598627787307,
        0.07928268050967438,
        0.07245575221238938
      ],
      "bucket_average_probabilities": [
        4.245682248438243e-06,
        0.014312096871435642,
        0.024666111916303635,
        0.03466113656759262,
        0.044888656586408615,
        0.05483114346861839,
        0.06480502337217331,
        0.07486977428197861,
        0.08485250920057297,
        0.09493225067853928
      ],
      "lo": 0,
      "hi": 0.1
    },
    {
      "ece": 0.1628143337274673,
      "bucket_frequencies": [
        5813.0,
        4346.0,
        3431.0,
        2928.0,
        2540.0,
        2348.0,
        2100.0,
        1882.0,
        1778.0,
        1817.0
      ],
      "bucket_accuracies": [
        0.0830896266987786,
        0.0883571099861942,
        0.09501603031186243,
        0.09016393442622951,
        0.09173228346456692,
        0.09880749574105621,
        0.08619047619047619,
        0.10148777895855472,
        0.10292463442069741,
        0.10676940011007155
      ],
      "bucket_average_probabilities": [
        0.11866958439350128,
        0.15930300951004028,
        0.19945496320724487,
        0.23951946198940277,
        0.27956947684288025,
        0.31973397731781006,
        0.35977640748023987,
        0.39995601773262024,
        0.43972253799438477,
        0.47943395376205444
      ],
      "lo": 0.1,
      "hi": 0.5
    },
    {
      "ece": 0.6107941574211848,
      "bucket_frequencies": [
        1639.0,
        1671.0,
        1692.0,
        1785.0,
        1772.0,
        1858.0,
        1978.0,
        2171.0,
        2411.0,
        2847.0
      ],
      "bucket_accuracies": [
        0.10433190970103721,
        0.09754637941352484,
        0.09869976359338062,
        0.10084033613445378,
        0.1038374717832957,
        0.10764262648008611,
        0.11577350859453994,
        0.11192998618148318,
        0.10991289921194525,
        0.12469265893923429
      ],
      "bucket_average_probabilities": [
        0.5203709006309509,
        0.5601300597190857,
        0.6002199649810791,
        0.6405618786811829,
        0.6797406673431396,
        0.7204409241676331,
        0.7602898478507996,
        0.800021767616272,
        0.8405564427375793,
        0.8806396722793579
      ],
      "lo": 0.5,
      "hi": 0.9
    },
    {
      "ece": 0.7454502764726814,
      "bucket_frequencies": [
        855.0,
        928.0,
        1046.0,
        1063.0,
        1257.0,
        1549.0,
        1882.0,
        2375.0,
        3624.0,
        25638.0
      ],
      "bucket_accuracies": [
        0.13801169590643275,
        0.13038793103448276,
        0.11759082217973231,
        0.1354656632173095,
        0.14478918058870327,
        0.1433182698515171,
        0.15727948990435706,
        0.15494736842105264,
        0.17218543046357615,
        0.28761993915282
      ],
      "bucket_average_probabilities": [
        0.9049485325813293,
        0.915009617805481,
        0.9250734448432922,
        0.9350080490112305,
        0.9450668096542358,
        0.9551911354064941,
        0.9652661681175232,
        0.975325882434845,
        0.9854626059532166,
        0.9983417987823486
      ],
      "lo": 0.9,
      "hi": 1.00000001
    }
  ],
  "positive_scores": {
    "ece": 0.7340093269808143,
    "bucket_frequencies": [
      37172.0,
      1039.0,
      651.0,
      508.0,
      473.0,
      407.0,
      458.0,
      546.0,
      746.0,
      12080.0
    ],
    "bucket_accuracies": [
      1.0,
      1.0,
      1.0,
      1.0,
      1.0,
      1.0,
      1.0,
      1.0,
      1.0,
      1.0
    ],
    "bucket_average_probabilities": [
      0.003549009095877409,
      0.1455451250076294,
      0.246575728058815,
      0.3469197452068329,
      0.44987213611602783,
      0.5489970445632935,
      0.6503587961196899,
      0.7520762085914612,
      0.8538342118263245,
      0.9919854998588562
    ]
  }
}