{
  "runtime": 1.9339923858642578,
  "ndcg": 0.31272470160907695,
  "diversity_score": 25260.891138360144,
  "pseudo_iou": 0.043694526627218934,
  "calibration_scores": {
    "ece": 0.0026947620197462253,
    "bucket_frequencies": [
      66218293.0,
      35236.0,
      20697.0,
      15867.0,
      13667.0,
      12665.0,
      13124.0,
      14291.0,
      19320.0,
      114670.0
    ],
    "bucket_accuracies": [
      0.00043358109518165926,
      0.038086048359632196,
      0.039860849398463544,
      0.04279321862986072,
      0.04748664666715446,
      0.046269245953414924,
      0.050518134715025906,
      0.055069624239031556,
      0.05745341614906832,
      0.1261794715269905
    ],
    "bucket_average_probabilities": [
      8.654893463244662e-05,
      0.14437584578990936,
      0.24682557582855225,
      0.34818530082702637,
      0.4489542245864868,
      0.549856960773468,
      0.6504972577095032,
      0.7511716485023499,
      0.8535556793212891,
      0.9827244281768799
    ]
  },
  "piecewise_scores": [
    {
      "ece": 0.0003991094773658979,
      "bucket_frequencies": [
        66084764.0,
        44640.0,
        23993.0,
        16311.0,
        12395.0,
        9795.0,
        8128.0,
        6855.0,
        6127.0,
        5285.0
      ],
      "bucket_accuracies": [
        0.00037748489197903467,
        0.024372759856630826,
        0.028383278456216396,
        0.029979768254552144,
        0.029608713190802743,
        0.030832057172026545,
        0.031496062992125984,
        0.03282275711159737,
        0.03182634241880202,
        0.03065279091769158
      ],
      "bucket_average_probabilities": [
        1.1788493793574162e-05,
        0.014354261569678783,
        0.02463563345372677,
        0.03473130241036415,
        0.044750288128852844,
        0.054824523627758026,
        0.06482924520969391,
        0.0749267041683197,
        0.08485902845859528,
        0.09490461647510529
      ],
      "lo": 0,
      "hi": 0.1
    },
    {
      "ece": 0.21483484645584833,
      "bucket_frequencies": [
        17099.0,
        12777.0,
        10211.0,
        8438.0,
        7408.0,
        6787.0,
        6117.0,
        5864.0,
        5475.0,
        5291.0
      ],
      "bucket_accuracies": [
        0.038247850751505934,
        0.03780230100962667,
        0.03790030359416316,
        0.040293908509125384,
        0.040901727861771056,
        0.04140268159717106,
        0.04234101683831944,
        0.04791950886766712,
        0.0491324200913242,
        0.04498204498204498
      ],
      "bucket_average_probabilities": [
        0.11900210380554199,
        0.15921908617019653,
        0.1993837058544159,
        0.23952117562294006,
        0.2793777287006378,
        0.31959912180900574,
        0.35970714688301086,
        0.3997817635536194,
        0.4396199882030487,
        0.48002761602401733
      ],
      "lo": 0.1,
      "hi": 0.5
    },
    {
      "ece": 0.6663426276680195,
      "bucket_frequencies": [
        5129.0,
        5016.0,
        5090.0,
        5216.0,
        5338.0,
        5496.0,
        5738.0,
        6320.0,
        7311.0,
        8746.0
      ],
      "bucket_accuracies": [
        0.04893741470072139,
        0.04764752791068581,
        0.04145383104125737,
        0.05655674846625767,
        0.0473960284750843,
        0.05458515283842795,
        0.05210874869292437,
        0.05933544303797468,
        0.05690056079879634,
        0.0579693574205351
      ],
      "bucket_average_probabilities": [
        0.5201700329780579,
        0.5600035190582275,
        0.6001468896865845,
        0.6404005289077759,
        0.6798533797264099,
        0.7200034260749817,
        0.7603116035461426,
        0.8003238439559937,
        0.8404743671417236,
        0.8807599544525146
      ],
      "lo": 0.5,
      "hi": 0.9
    },
    {
      "ece": 0.85654489876316,
      "bucket_frequencies": [
        2502.0,
        2762.0,
        3052.0,
        3293.0,
        3825.0,
        4566.0,
        5572.0,
        7019.0,
        11107.0,
        70972.0
      ],
      "bucket_accuracies": [
        0.05315747402078337,
        0.05286024619840695,
        0.06422018348623854,
        0.060431217734588524,
        0.06352941176470588,
        0.06416995181778362,
        0.07699210337401292,
        0.08035332668471293,
        0.08382101377509679,
        0.15971087189314095
      ],
      "bucket_average_probabilities": [
        0.9050982594490051,
        0.9150721430778503,
        0.9251217842102051,
        0.9350726008415222,
        0.9451455473899841,
        0.955150306224823,
        0.9652265310287476,
        0.9753245115280151,
        0.9854368567466736,
        0.9982621669769287
      ],
      "lo": 0.9,
      "hi": 1.00000001
    }
  ],
  "positive_scores": {
    "ece": 0.5936094069733049,
    "bucket_frequencies": [
      28711.0,
      1342.0,
      825.0,
      679.0,
      649.0,
      586.0,
      663.0,
      787.0,
      1110.0,
      18728.0
    ],
    "bucket_accuracies": [
      1.0,
      1.0,
      1.0,
      1.0,
      1.0,
      1.0,
      1.0,
      1.0,
      1.0,
      1.0
    ],
    "bucket_average_probabilities": [
      0.005733040161430836,
      0.1442154496908188,
      0.24744226038455963,
      0.3494502604007721,
      0.4481051564216614,
      0.5485281944274902,
      0.6506845951080322,
      0.7522310614585876,
      0.8539535403251648,
      0.9928712248802185
    ]
  }
}