{
  "runtime": 1.936894178390503,
  "ndcg": 0.28736475082690655,
  "diversity_score": 20854.57359613041,
  "pseudo_iou": 0.03518860946745562,
  "calibration_scores": {
    "ece": 0.003503990246997312,
    "bucket_frequencies": [
      66142927.0,
      37087.0,
      22550.0,
      17261.0,
      15089.0,
      14304.0,
      14990.0,
      16839.0,
      23282.0,
      164191.0
    ],
    "bucket_accuracies": [
      0.00038380521019276936,
      0.031547442500067406,
      0.03343680709534368,
      0.03620879439198192,
      0.03963151965007621,
      0.03991890380313199,
      0.042628418945963975,
      0.045252093354712274,
      0.04973799501761017,
      0.09749011821598016
    ],
    "bucket_average_probabilities": [
      8.684882777743042e-05,
      0.14440737664699554,
      0.2472945600748062,
      0.34880319237709045,
      0.4490911364555359,
      0.5496669411659241,
      0.6505663990974426,
      0.7514276504516602,
      0.8540322184562683,
      0.9846278429031372
    ]
  },
  "piecewise_scores": [
    {
      "ece": 0.0003585652334083856,
      "bucket_frequencies": [
        66010044.0,
        42871.0,
        23637.0,
        16193.0,
        12497.0,
        10106.0,
        8402.0,
        7084.0,
        6421.0,
        5672.0
      ],
      "bucket_accuracies": [
        0.00033349470271524135,
        0.022346108091717012,
        0.02606083682362398,
        0.024825541900821344,
        0.026486356725614148,
        0.02790421531763309,
        0.029278743156391337,
        0.026397515527950312,
        0.030369101386076933,
        0.02732722143864598
      ],
      "bucket_average_probabilities": [
        1.075349427992478e-05,
        0.014373182319104671,
        0.024661311879754066,
        0.03473386541008949,
        0.04480184614658356,
        0.05487514287233353,
        0.0648617222905159,
        0.07484398037195206,
        0.08489690721035004,
        0.09490770101547241
      ],
      "lo": 0,
      "hi": 0.1
    },
    {
      "ece": 0.22375070858800913,
      "bucket_frequencies": [
        18014.0,
        13363.0,
        10861.0,
        9218.0,
        8181.0,
        7257.0,
        6685.0,
        6500.0,
        6073.0,
        5835.0
      ],
      "bucket_accuracies": [
        0.030698345731098035,
        0.03330090548529522,
        0.029739434674523526,
        0.03384682143632024,
        0.03557022368903557,
        0.03403610307289513,
        0.03620044876589379,
        0.04230769230769231,
        0.0363905812613206,
        0.04078834618680377
      ],
      "bucket_average_probabilities": [
        0.11888564378023148,
        0.15931545197963715,
        0.19946007430553436,
        0.23953969776630402,
        0.27957189083099365,
        0.31992480158805847,
        0.35979995131492615,
        0.39964884519577026,
        0.4399348497390747,
        0.47997066378593445
      ],
      "lo": 0.1,
      "hi": 0.5
    },
    {
      "ece": 0.6773938817223305,
      "bucket_frequencies": [
        5819.0,
        5672.0,
        5799.0,
        5845.0,
        6160.0,
        6343.0,
        6883.0,
        7483.0,
        8721.0,
        10690.0
      ],
      "bucket_accuracies": [
        0.03849458669874549,
        0.0403737658674189,
        0.04224866356268322,
        0.037981180496150554,
        0.04707792207792208,
        0.044931420463503076,
        0.04460264419584484,
        0.05185086195376186,
        0.04758628597637886,
        0.04911131898971001
      ],
      "bucket_average_probabilities": [
        0.5199877023696899,
        0.5601304769515991,
        0.6002598404884338,
        0.6402578949928284,
        0.6800394654273987,
        0.7201271653175354,
        0.7599757313728333,
        0.8004412651062012,
        0.8404770493507385,
        0.8810092210769653
      ],
      "lo": 0.5,
      "hi": 0.9
    },
    {
      "ece": 0.8871376015267559,
      "bucket_frequencies": [
        3176.0,
        3300.0,
        3780.0,
        4287.0,
        4922.0,
        5713.0,
        6962.0,
        9378.0,
        14468.0,
        108205.0
      ],
      "bucket_accuracies": [
        0.05478589420654912,
        0.05121212121212121,
        0.05793650793650794,
        0.05435036155819921,
        0.05282405526208858,
        0.05356205146157886,
        0.060471128985923585,
        0.06483258690552357,
        0.06780481061653304,
        0.11677833741509172
      ],
      "bucket_average_probabilities": [
        0.9050583243370056,
        0.9151608347892761,
        0.9250429272651672,
        0.9350985884666443,
        0.9451453685760498,
        0.9551576375961304,
        0.9652202129364014,
        0.9753125905990601,
        0.9854801893234253,
        0.9984195828437805
      ],
      "lo": 0.9,
      "hi": 1.00000001
    }
  ],
  "positive_scores": {
    "ece": 0.5274446447284482,
    "bucket_frequencies": [
      25386.0,
      1170.0,
      754.0,
      625.0,
      598.0,
      571.0,
      639.0,
      762.0,
      1158.0,
      22417.0
    ],
    "bucket_accuracies": [
      1.0,
      1.0,
      1.0,
      1.0,
      1.0,
      1.0,
      1.0,
      1.0,
      1.0,
      1.0
    ],
    "bucket_average_probabilities": [
      0.005826742388308048,
      0.14510604739189148,
      0.2493620216846466,
      0.35088828206062317,
      0.4491453766822815,
      0.5511043667793274,
      0.6518752574920654,
      0.7522923350334167,
      0.853312075138092,
      0.9934236407279968
    ]
  }
}