{
  "runtime": 1.9390008449554443,
  "ndcg": 0.32462230800756825,
  "diversity_score": 24869.28241106277,
  "pseudo_iou": 0.043028846153846154,
  "calibration_scores": {
    "ece": 0.0026514048901327275,
    "bucket_frequencies": [
      66232197.0,
      28174.0,
      17219.0,
      13199.0,
      11477.0,
      10671.0,
      11294.0,
      12449.0,
      17098.0,
      118478.0
    ],
    "bucket_accuracies": [
      0.0004262730405877975,
      0.03801377156243345,
      0.04030431500087113,
      0.04651867565724676,
      0.04922889256774418,
      0.049198763002530226,
      0.05206304232335753,
      0.05863924813238011,
      0.060123991110071356,
      0.11456979354816928
    ],
    "bucket_average_probabilities": [
      6.780170951969922e-05,
      0.14458665251731873,
      0.24745310842990875,
      0.34824466705322266,
      0.4490630328655243,
      0.5492554306983948,
      0.6507071852684021,
      0.751871645450592,
      0.8535640835762024,
      0.9845049977302551
    ]
  },
  "piecewise_scores": [
    {
      "ece": 0.0003988186647082822,
      "bucket_frequencies": [
        66128071.0,
        34063.0,
        18595.0,
        12843.0,
        9729.0,
        7755.0,
        6402.0,
        5588.0,
        4859.0,
        4292.0
      ],
      "bucket_accuracies": [
        0.0003798840586171038,
        0.027566567830196988,
        0.02947028771175047,
        0.0302110098886553,
        0.029705005653201767,
        0.033655705996131526,
        0.03014682911590128,
        0.03274874731567645,
        0.03580983741510599,
        0.031919850885368126
      ],
      "bucket_average_probabilities": [
        8.808760867395904e-06,
        0.014355636201798916,
        0.024630701169371605,
        0.03471338748931885,
        0.04480016231536865,
        0.054874807596206665,
        0.06489036977291107,
        0.07492770254611969,
        0.08491340279579163,
        0.09487169981002808
      ],
      "lo": 0,
      "hi": 0.1
    },
    {
      "ece": 0.2160849667799861,
      "bucket_frequencies": [
        13581.0,
        10187.0,
        8272.0,
        7053.0,
        6300.0,
        5584.0,
        5152.0,
        4858.0,
        4664.0,
        4418.0
      ],
      "bucket_accuracies": [
        0.03644797879390325,
        0.03867674487091391,
        0.0394100580270793,
        0.039841202325251665,
        0.0426984126984127,
        0.04047277936962751,
        0.051048136645962736,
        0.04899135446685879,
        0.04716981132075472,
        0.05251244907197827
      ],
      "bucket_average_probabilities": [
        0.11881542950868607,
        0.15936560928821564,
        0.19919246435165405,
        0.23928238451480865,
        0.27968427538871765,
        0.31935665011405945,
        0.3595575988292694,
        0.39983972907066345,
        0.44012847542762756,
        0.47973498702049255
      ],
      "lo": 0.1,
      "hi": 0.5
    },
    {
      "ece": 0.6657376630805372,
      "bucket_frequencies": [
        4366.0,
        4264.0,
        4185.0,
        4538.0,
        4612.0,
        4673.0,
        4954.0,
        5724.0,
        6490.0,
        7706.0
      ],
      "bucket_accuracies": [
        0.04741181859825928,
        0.05323639774859287,
        0.04683393070489845,
        0.04914059056853239,
        0.05637467476149176,
        0.05949069120479349,
        0.054905127169963666,
        0.060621942697414395,
        0.061633281972265024,
        0.05982351414482222
      ],
      "bucket_average_probabilities": [
        0.5197495818138123,
        0.559938907623291,
        0.6001737713813782,
        0.6399807929992676,
        0.6802744269371033,
        0.7202553153038025,
        0.7600072026252747,
        0.8001487255096436,
        0.8404451608657837,
        0.8809911012649536
      ],
      "lo": 0.5,
      "hi": 0.9
    },
    {
      "ece": 0.8699352244755763,
      "bucket_frequencies": [
        2344.0,
        2468.0,
        2722.0,
        3124.0,
        3516.0,
        4050.0,
        5188.0,
        6612.0,
        10609.0,
        77845.0
      ],
      "bucket_accuracies": [
        0.06271331058020478,
        0.058752025931928686,
        0.06429096252755327,
        0.06562099871959026,
        0.06598407281001138,
        0.06444444444444444,
        0.07131842713955282,
        0.06715063520871144,
        0.07757564332170798,
        0.13837754512171624
      ],
      "bucket_average_probabilities": [
        0.9050500988960266,
        0.9151296019554138,
        0.9249650835990906,
        0.9350948333740234,
        0.9450765252113342,
        0.955170214176178,
        0.9651817083358765,
        0.9752753973007202,
        0.9854247570037842,
        0.9984152317047119
      ],
      "lo": 0.9,
      "hi": 1.00000001
    }
  ],
  "positive_scores": {
    "ece": 0.5757605530195539,
    "bucket_frequencies": [
      28233.0,
      1071.0,
      694.0,
      614.0,
      565.0,
      525.0,
      588.0,
      730.0,
      1028.0,
      20032.0
    ],
    "bucket_accuracies": [
      1.0,
      1.0,
      1.0,
      1.0,
      1.0,
      1.0,
      1.0,
      1.0,
      1.0,
      1.0
    ],
    "bucket_average_probabilities": [
      0.004794429987668991,
      0.14593787491321564,
      0.2487965077161789,
      0.3508315682411194,
      0.4506549537181854,
      0.5505880117416382,
      0.652680516242981,
      0.7529192566871643,
      0.8540078997612,
      0.9938162565231323
    ]
  }
}