{
  "runtime": 1.9651029109954834,
  "ndcg": 0.2676430796004531,
  "diversity_score": 21262.112241516174,
  "pseudo_iou": 0.035854289940828406,
  "calibration_scores": {
    "ece": 0.0015933754806780444,
    "bucket_frequencies": [
      66344009.0,
      20657.0,
      12112.0,
      9151.0,
      7754.0,
      7251.0,
      7184.0,
      7887.0,
      10656.0,
      56635.0
    ],
    "bucket_accuracies": [
      0.0005290153629395535,
      0.06462700295299414,
      0.07174702774108323,
      0.0763850945251885,
      0.0787980397214341,
      0.08109226313611916,
      0.0917316258351893,
      0.099404082667681,
      0.10923423423423423,
      0.19078308466495983
    ],
    "bucket_average_probabilities": [
      5.3132222092244774e-05,
      0.14416857063770294,
      0.24673524498939514,
      0.34744730591773987,
      0.44950398802757263,
      0.5495584011077881,
      0.6502497792243958,
      0.7510849833488464,
      0.8532044291496277,
      0.9812231063842773
    ]
  },
  "piecewise_scores": [
    {
      "ece": 0.0004844845700216841,
      "bucket_frequencies": [
        66261888.0,
        27803.0,
        14734.0,
        10078.0,
        7556.0,
        5990.0,
        4950.0,
        4091.0,
        3666.0,
        3253.0
      ],
      "bucket_accuracies": [
        0.00046430913649789154,
        0.04618206668345143,
        0.05198859780100448,
        0.05328438182179004,
        0.05836421386977236,
        0.05692821368948247,
        0.05494949494949495,
        0.06355414324126131,
        0.060556464811783964,
        0.06394097755917615
      ],
      "bucket_average_probabilities": [
        7.542223556811223e-06,
        0.014325536787509918,
        0.024654792621731758,
        0.03470088541507721,
        0.04476936161518097,
        0.05481915920972824,
        0.06487274169921875,
        0.07484544068574905,
        0.08493387699127197,
        0.09488056600093842
      ],
      "lo": 0,
      "hi": 0.1
    },
    {
      "ece": 0.18354654560336486,
      "bucket_frequencies": [
        10060.0,
        7485.0,
        5913.0,
        5019.0,
        4292.0,
        4030.0,
        3463.0,
        3261.0,
        3109.0,
        3042.0
      ],
      "bucket_accuracies": [
        0.06491053677932405,
        0.06386105544422177,
        0.06443429731100964,
        0.07212592149830643,
        0.07688723205964586,
        0.07468982630272952,
        0.07854461449610164,
        0.07175712971481141,
        0.07751688645866839,
        0.0861275476660092
      ],
      "bucket_average_probabilities": [
        0.1188589408993721,
        0.15924637019634247,
        0.19920478761196136,
        0.23932212591171265,
        0.2795460522174835,
        0.3193698525428772,
        0.3597748279571533,
        0.39976534247398376,
        0.4400244951248169,
        0.4800499975681305
      ],
      "lo": 0.1,
      "hi": 0.5
    },
    {
      "ece": 0.6209229115297105,
      "bucket_frequencies": [
        2975.0,
        2824.0,
        2871.0,
        2879.0,
        2886.0,
        3015.0,
        3225.0,
        3555.0,
        3935.0,
        4813.0
      ],
      "bucket_accuracies": [
        0.07428571428571429,
        0.08746458923512748,
        0.07976314872866597,
        0.089267106634248,
        0.10152460152460152,
        0.09419568822553898,
        0.102015503875969,
        0.10829817158931083,
        0.10673443456162643,
        0.11011842925410346
      ],
      "bucket_average_probabilities": [
        0.5202360153198242,
        0.5597605109214783,
        0.5998115539550781,
        0.6403958797454834,
        0.6798400282859802,
        0.719940185546875,
        0.7602799534797668,
        0.8006583452224731,
        0.8403987884521484,
        0.8808894157409668
      ],
      "lo": 0.5,
      "hi": 0.9
    },
    {
      "ece": 0.7904399410817633,
      "bucket_frequencies": [
        1400.0,
        1538.0,
        1602.0,
        1836.0,
        2089.0,
        2386.0,
        2885.0,
        3781.0,
        5619.0,
        33499.0
      ],
      "bucket_accuracies": [
        0.10714285714285714,
        0.11183355006501951,
        0.10674157303370786,
        0.11601307189542484,
        0.11967448539971279,
        0.13537300922045264,
        0.11889081455805893,
        0.1422903993652473,
        0.14450969923473928,
        0.23382787545896894
      ],
      "bucket_average_probabilities": [
        0.9048718214035034,
        0.9151195287704468,
        0.9250729084014893,
        0.9351007342338562,
        0.9450865983963013,
        0.9551199674606323,
        0.9652231335639954,
        0.9753406643867493,
        0.985367476940155,
        0.9981213212013245
      ],
      "lo": 0.9,
      "hi": 1.00000001
    }
  ],
  "positive_scores": {
    "ece": 0.711615156323288,
    "bucket_frequencies": [
      35097.0,
      1335.0,
      869.0,
      699.0,
      611.0,
      588.0,
      659.0,
      784.0,
      1164.0,
      12274.0
    ],
    "bucket_accuracies": [
      1.0,
      1.0,
      1.0,
      1.0,
      1.0,
      1.0,
      1.0,
      1.0,
      1.0,
      1.0
    ],
    "bucket_average_probabilities": [
      0.005359534174203873,
      0.14426958560943604,
      0.248647540807724,
      0.3479399085044861,
      0.45207253098487854,
      0.5516980290412903,
      0.6526644229888916,
      0.7520514726638794,
      0.8531933426856995,
      0.9892796277999878
    ]
  }
}