{
  "runtime": 1.9444925785064697,
  "ndcg": 0.27777983446824106,
  "diversity_score": 21024.797891160724,
  "pseudo_iou": 0.0354844674556213,
  "calibration_scores": {
    "ece": 0.0015149302801355591,
    "bucket_frequencies": [
      66358278.0,
      16417.0,
      9826.0,
      7367.0,
      6339.0,
      5939.0,
      6082.0,
      6911.0,
      9038.0,
      55699.0
    ],
    "bucket_accuracies": [
      0.0005292934213874567,
      0.07614058597794969,
      0.0753104009769998,
      0.0847020496810099,
      0.08455592364726297,
      0.08536790705505977,
      0.096514304505097,
      0.10808855447836782,
      0.11064394777605666,
      0.19346846442485502
    ],
    "bucket_average_probabilities": [
      4.095876283827238e-05,
      0.14381173253059387,
      0.24736349284648895,
      0.3483497202396393,
      0.4479949176311493,
      0.5491144061088562,
      0.6504818797111511,
      0.7515639662742615,
      0.8536760210990906,
      0.9830105304718018
    ]
  },
  "piecewise_scores": [
    {
      "ece": 0.0004929891108852939,
      "bucket_frequencies": [
        66295048.0,
        21021.0,
        11494.0,
        7682.0,
        5741.0,
        4680.0,
        3832.0,
        3304.0,
        2916.0,
        2560.0
      ],
      "bucket_accuracies": [
        0.00047520894773317007,
        0.05128205128205128,
        0.056290238385244475,
        0.05467326217130956,
        0.05974568890437206,
        0.06217948717948718,
        0.06706680584551149,
        0.0671912832929782,
        0.06035665294924554,
        0.072265625
      ],
      "bucket_average_probabilities": [
        5.536239768844098e-06,
        0.014330248348414898,
        0.024599852040410042,
        0.03474520519375801,
        0.04484192654490471,
        0.054881103336811066,
        0.06480137258768082,
        0.07480504363775253,
        0.08477693051099777,
        0.09494835883378983
      ],
      "lo": 0,
      "hi": 0.1
    },
    {
      "ece": 0.17641701753343783,
      "bucket_frequencies": [
        8069.0,
        5917.0,
        4693.0,
        3954.0,
        3610.0,
        3116.0,
        2893.0,
        2748.0,
        2603.0,
        2346.0
      ],
      "bucket_accuracies": [
        0.0708885859462139,
        0.07943214466790603,
        0.08139782655018112,
        0.0738492665655033,
        0.07590027700831024,
        0.0834403080872914,
        0.08330452817144833,
        0.08369723435225619,
        0.09066461774875144,
        0.08226768968456948
      ],
      "bucket_average_probabilities": [
        0.11874076724052429,
        0.15913978219032288,
        0.1994125247001648,
        0.23962894082069397,
        0.27935346961021423,
        0.31966066360473633,
        0.35982373356819153,
        0.39993324875831604,
        0.4397934079170227,
        0.4796678423881531
      ],
      "lo": 0.1,
      "hi": 0.5
    },
    {
      "ece": 0.6180194585204849,
      "bucket_frequencies": [
        2466.0,
        2310.0,
        2388.0,
        2376.0,
        2481.0,
        2626.0,
        2811.0,
        2999.0,
        3397.0,
        4116.0
      ],
      "bucket_accuracies": [
        0.08718572587185726,
        0.08701298701298701,
        0.09463986599664992,
        0.08501683501683502,
        0.1007658202337767,
        0.10281797410510282,
        0.10743507648523658,
        0.11237079026342114,
        0.11215778628201355,
        0.11103012633624879
      ],
      "bucket_average_probabilities": [
        0.519974410533905,
        0.559651255607605,
        0.6002111434936523,
        0.6401860117912292,
        0.6803643107414246,
        0.720222532749176,
        0.7606313824653625,
        0.8002740144729614,
        0.8402280807495117,
        0.8809201121330261
      ],
      "lo": 0.5,
      "hi": 0.9
    },
    {
      "ece": 0.7895421212544661,
      "bucket_frequencies": [
        1223.0,
        1273.0,
        1451.0,
        1577.0,
        1881.0,
        2160.0,
        2599.0,
        3342.0,
        5292.0,
        34901.0
      ],
      "bucket_accuracies": [
        0.09811937857726902,
        0.12961508248232523,
        0.11509303928325293,
        0.13189600507292326,
        0.12440191387559808,
        0.12129629629629629,
        0.13774528664871105,
        0.14631956912028726,
        0.14814814814814814,
        0.22890461591358413
      ],
      "bucket_average_probabilities": [
        0.9050508737564087,
        0.915066123008728,
        0.9250821471214294,
        0.9351028800010681,
        0.9449507594108582,
        0.9551900029182434,
        0.9651221036911011,
        0.9752621650695801,
        0.9854292273521423,
        0.9982741475105286
      ],
      "lo": 0.9,
      "hi": 1.00000001
    }
  ],
  "positive_scores": {
    "ece": 0.7059317892210141,
    "bucket_frequencies": [
      35123.0,
      1250.0,
      740.0,
      624.0,
      536.0,
      507.0,
      587.0,
      747.0,
      1000.0,
      12966.0
    ],
    "bucket_accuracies": [
      1.0,
      1.0,
      1.0,
      1.0,
      1.0,
      1.0,
      1.0,
      1.0,
      1.0,
      1.0
    ],
    "bucket_average_probabilities": [
      0.0045387158170342445,
      0.14579841494560242,
      0.2480778843164444,
      0.3488610088825226,
      0.4486071467399597,
      0.5475878119468689,
      0.6505171656608582,
      0.7531387805938721,
      0.8536494374275208,
      0.9905986785888672
    ]
  }
}