{
  "runtime": 1.9012901782989502,
  "ndcg": 0.3020002296407738,
  "diversity_score": 25269.620159661124,
  "pseudo_iou": 0.04376849112426035,
  "calibration_scores": {
    "ece": 0.0012862804674148283,
    "bucket_frequencies": [
      66381297.0,
      15737.0,
      9100.0,
      6714.0,
      5707.0,
      5341.0,
      5354.0,
      5836.0,
      7706.0,
      40866.0
    ],
    "bucket_accuracies": [
      0.0005564368529888772,
      0.07345745694859249,
      0.08582417582417583,
      0.08028001191540066,
      0.09374452426844226,
      0.09361542782250515,
      0.1040343668285394,
      0.11668951336531871,
      0.1276927069815728,
      0.24007732589438655
    ],
    "bucket_average_probabilities": [
      4.170015745330602e-05,
      0.1437489539384842,
      0.24681273102760315,
      0.34830141067504883,
      0.4493592381477356,
      0.5492876768112183,
      0.6501312255859375,
      0.7513540387153625,
      0.85302734375,
      0.981444239616394
    ]
  },
  "piecewise_scores": [
    {
      "ece": 0.0005201066790614598,
      "bucket_frequencies": [
        66316927.0,
        21965.0,
        11723.0,
        7854.0,
        5650.0,
        4770.0,
        3905.0,
        3201.0,
        2893.0,
        2409.0
      ],
      "bucket_accuracies": [
        0.0005012144184545824,
        0.050625995902572274,
        0.054849441269299665,
        0.06302521008403361,
        0.06513274336283185,
        0.0610062893081761,
        0.06402048655569782,
        0.058419243986254296,
        0.07362599377808503,
        0.057700290577002905
      ],
      "bucket_average_probabilities": [
        6.195035439304775e-06,
        0.014331888407468796,
        0.024607153609395027,
        0.03467635437846184,
        0.04473486542701721,
        0.05485764518380165,
        0.06483708322048187,
        0.07495586574077606,
        0.08482422679662704,
        0.0949411615729332
      ],
      "lo": 0,
      "hi": 0.1
    },
    {
      "ece": 0.17177952413839498,
      "bucket_frequencies": [
        7722.0,
        5714.0,
        4430.0,
        3766.0,
        3205.0,
        2837.0,
        2599.0,
        2453.0,
        2321.0,
        2211.0
      ],
      "bucket_accuracies": [
        0.07511007511007511,
        0.06895344767238362,
        0.08216704288939052,
        0.0804567180031864,
        0.09235569422776911,
        0.08212900951709552,
        0.0804155444401693,
        0.08520179372197309,
        0.1012494614390349,
        0.08502939846223428
      ],
      "bucket_average_probabilities": [
        0.11879178881645203,
        0.158857524394989,
        0.19957536458969116,
        0.23956452310085297,
        0.27982285618782043,
        0.3194262385368347,
        0.3593764901161194,
        0.39967188239097595,
        0.43959876894950867,
        0.48034948110580444
      ],
      "lo": 0.1,
      "hi": 0.5
    },
    {
      "ece": 0.6044840481767522,
      "bucket_frequencies": [
        2204.0,
        2105.0,
        2109.0,
        2125.0,
        2152.0,
        2248.0,
        2293.0,
        2696.0,
        2835.0,
        3470.0
      ],
      "bucket_accuracies": [
        0.09346642468239565,
        0.09833729216152019,
        0.0905642484589853,
        0.10070588235294117,
        0.11105947955390334,
        0.11387900355871886,
        0.11731356301788051,
        0.11758160237388723,
        0.127336860670194,
        0.13314121037463977
      ],
      "bucket_average_probabilities": [
        0.5198480486869812,
        0.5602600574493408,
        0.6001066565513611,
        0.6400591731071472,
        0.6801602840423584,
        0.7199962139129639,
        0.7602354884147644,
        0.8003592491149902,
        0.8405014872550964,
        0.8806830048561096
      ],
      "lo": 0.5,
      "hi": 0.9
    },
    {
      "ece": 0.7413667935457068,
      "bucket_frequencies": [
        1002.0,
        1097.0,
        1192.0,
        1305.0,
        1464.0,
        1731.0,
        1987.0,
        2614.0,
        4055.0,
        24419.0
      ],
      "bucket_accuracies": [
        0.1347305389221557,
        0.14676390154968094,
        0.1342281879194631,
        0.1486590038314176,
        0.13114754098360656,
        0.14211438474870017,
        0.14494212380473076,
        0.1637337413925019,
        0.17040690505548706,
        0.2996027683361317
      ],
      "bucket_average_probabilities": [
        0.9051912426948547,
        0.9150941371917725,
        0.9252147078514099,
        0.9350443482398987,
        0.9450330138206482,
        0.9552069902420044,
        0.9651000499725342,
        0.975358784198761,
        0.985392689704895,
        0.9981467723846436
      ],
      "lo": 0.9,
      "hi": 1.00000001
    }
  ],
  "positive_scores": {
    "ece": 0.7367633802471331,
    "bucket_frequencies": [
      36937.0,
      1156.0,
      781.0,
      539.0,
      535.0,
      500.0,
      557.0,
      681.0,
      984.0,
      11410.0
    ],
    "bucket_accuracies": [
      1.0,
      1.0,
      1.0,
      1.0,
      1.0,
      1.0,
      1.0,
      1.0,
      1.0,
      1.0
    ],
    "bucket_average_probabilities": [
      0.004333312623202801,
      0.1440964639186859,
      0.24844574928283691,
      0.348035603761673,
      0.44790878891944885,
      0.5484404563903809,
      0.6521391272544861,
      0.7520273327827454,
      0.8543462157249451,
      0.9901554584503174
    ]
  }
}