{
  "runtime": 1.9374046325683594,
  "ndcg": 0.27416650105409285,
  "diversity_score": 21601.1551631984,
  "pseudo_iou": 0.03650147928994083,
  "calibration_scores": {
    "ece": 0.0036148172132815645,
    "bucket_frequencies": [
      66122514.0,
      44686.0,
      27232.0,
      20739.0,
      18042.0,
      16809.0,
      17072.0,
      19124.0,
      26146.0,
      162780.0
    ],
    "bucket_accuracies": [
      0.00039000332020043885,
      0.02884572349281654,
      0.03312279670975323,
      0.0384300110902165,
      0.03635960536525884,
      0.038312808614432745,
      0.041412839737582,
      0.04428989751098097,
      0.04964430505622275,
      0.10356923454969898
    ],
    "bucket_average_probabilities": [
      0.00010662044951459393,
      0.14423751831054688,
      0.24706657230854034,
      0.348569393157959,
      0.4491243064403534,
      0.5499052405357361,
      0.6503680944442749,
      0.7513604760169983,
      0.8534473776817322,
      0.9830520749092102
    ]
  },
  "piecewise_scores": [
    {
      "ece": 0.0003630331208136264,
      "bucket_frequencies": [
        65958676.0,
        53718.0,
        29398.0,
        20136.0,
        15010.0,
        12227.0,
        10252.0,
        8699.0,
        7636.0,
        6762.0
      ],
      "bucket_accuracies": [
        0.0003314954351115235,
        0.022022413343758145,
        0.022484522756650114,
        0.025029797377830752,
        0.023784143904063956,
        0.02469943567514517,
        0.028579789309403043,
        0.025175307506609956,
        0.02789418543740178,
        0.028246081041112096
      ],
      "bucket_average_probabilities": [
        1.3725690223509446e-05,
        0.014359164983034134,
        0.02462679147720337,
        0.03475617989897728,
        0.0447944812476635,
        0.05482150986790657,
        0.06490976363420486,
        0.07488851249217987,
        0.08488580584526062,
        0.09490415453910828
      ],
      "lo": 0,
      "hi": 0.1
    },
    {
      "ece": 0.2245873516240789,
      "bucket_frequencies": [
        21660.0,
        16265.0,
        13020.0,
        11159.0,
        9814.0,
        8699.0,
        8168.0,
        7626.0,
        7320.0,
        6968.0
      ],
      "bucket_accuracies": [
        0.0270544783010157,
        0.030126037503842608,
        0.03218125960061444,
        0.033336320458822476,
        0.033014061544732014,
        0.03851017358317048,
        0.03929970617042115,
        0.034880671387359036,
        0.0366120218579235,
        0.037743972445464985
      ],
      "bucket_average_probabilities": [
        0.11879206448793411,
        0.15915507078170776,
        0.19944150745868683,
        0.23951396346092224,
        0.279433012008667,
        0.3195497393608093,
        0.35980236530303955,
        0.3998515009880066,
        0.43981626629829407,
        0.4800129234790802
      ],
      "lo": 0.1,
      "hi": 0.5
    },
    {
      "ece": 0.6763489074469731,
      "bucket_frequencies": [
        6825.0,
        6551.0,
        6792.0,
        6766.0,
        6948.0,
        7328.0,
        7669.0,
        8620.0,
        9831.0,
        11821.0
      ],
      "bucket_accuracies": [
        0.03868131868131868,
        0.03862005800641124,
        0.03916372202591284,
        0.04079219627549512,
        0.042026482440990214,
        0.045715065502183405,
        0.04563828400052158,
        0.044547563805104405,
        0.04465466381853321,
        0.05388714998731072
      ],
      "bucket_average_probabilities": [
        0.520175039768219,
        0.5598481893539429,
        0.5999540686607361,
        0.6401532888412476,
        0.6797950267791748,
        0.7202985882759094,
        0.7602005004882812,
        0.8005858063697815,
        0.8403768539428711,
        0.880757212638855
      ],
      "lo": 0.5,
      "hi": 0.9
    },
    {
      "ece": 0.8794829868511627,
      "bucket_frequencies": [
        3586.0,
        3799.0,
        4246.0,
        4637.0,
        5292.0,
        6227.0,
        7500.0,
        9923.0,
        15413.0,
        102157.0
      ],
      "bucket_accuracies": [
        0.05214723926380368,
        0.053171887338773365,
        0.05723033443240697,
        0.05887427215872331,
        0.054988662131519275,
        0.0615063433435041,
        0.0616,
        0.06802378313010178,
        0.07058976188931422,
        0.12779349432735887
      ],
      "bucket_average_probabilities": [
        0.9050785899162292,
        0.9150205254554749,
        0.925098180770874,
        0.9350948929786682,
        0.945115864276886,
        0.9551770687103271,
        0.9651802778244019,
        0.9752371311187744,
        0.9854897260665894,
        0.9982726573944092
      ],
      "lo": 0.9,
      "hi": 1.00000001
    }
  ],
  "positive_scores": {
    "ece": 0.5432996056871985,
    "bucket_frequencies": [
      25788.0,
      1289.0,
      902.0,
      797.0,
      656.0,
      644.0,
      707.0,
      847.0,
      1298.0,
      21152.0
    ],
    "bucket_accuracies": [
      1.0,
      1.0,
      1.0,
      1.0,
      1.0,
      1.0,
      1.0,
      1.0,
      1.0,
      1.0
    ],
    "bucket_average_probabilities": [
      0.006610464304685593,
      0.14577841758728027,
      0.24703502655029297,
      0.34774065017700195,
      0.45021453499794006,
      0.549389660358429,
      0.6510369777679443,
      0.7500628232955933,
      0.8553993701934814,
      0.9921029210090637
    ]
  }
}